
                           Design Compiler Graphical 
                                 DC Ultra (TM)
                                  DFTMAX (TM)
                              Power Compiler (TM)
                                 DesignWare (R)
                                 DC Expert (TM)
                               Design Vision (TM)
                               HDL Compiler (TM)
                               VHDL Compiler (TM)
                                  DFT Compiler
                               Design Compiler(R)

               Version U-2022.12-SP7 for linux64 - Oct 10, 2023 

                    Copyright (c) 1988 - 2023 Synopsys, Inc.
   This software and the associated documentation are proprietary to Synopsys,
 Inc. This software may only be used in accordance with the terms and conditions
 of a written license agreement with Synopsys, Inc. All other use, reproduction,
   or distribution of this software is strictly prohibited.  Licensed Products
     communicate with Synopsys servers for the purpose of providing software
    updates, detecting software piracy and verifying that customers are using
    Licensed Products in conformity with the applicable License Key for such
  Licensed Products. Synopsys will use information gathered in connection with
    this process to deliver software updates and pursue software pirates and
                                   infringers.

 Inclusivity & Diversity - Visit SolvNetPlus to read the "Synopsys Statement on
            Inclusivity and Diversity" (Refer to article 000036315 at
                        https://solvnetplus.synopsys.com)
Initializing...
Current time:       Sun Nov 23 15:08:38 2025
Hostname:           micro11
CPU Model:          12th Gen Intel(R) Core(TM) i7-12700
CPU Details:        Cores = 20 : Sockets = 1 : Cache Size = 25600 KB : Freq = 3.90 GHz
OS:                 Linux 4.18.0-553.83.1.el8_10.x86_64
RAM:                 30 GB (Free  12 GB)
Swap:                31 GB (Free  31 GB)
Work Filesystem:    /homes mounted to auto.homes
Tmp Filesystem:     /tmp mounted to tmpfs
Work Disk:          16773 GB (Free 8159 GB)
Tmp Disk:            15 GB (Free  15 GB)

CPU Load: 51%, Ram Free: 12 GB, Swap Free: 31 GB, Work Disk Free: 8159 GB, Tmp Disk Free: 15 GB
#########################################
# TCL script for Design Compiler        #
# MS 2015                               #
#########################################
#########################################
# READ Design and Library               #
#########################################
set top_level fir_cmem
fir_cmem
source -verbose "../common_script/common.tcl"
. /tools4/syn2007.12/libraries/syn/
dw_foundation.sldb
* /courses/ee6321/share/ibm13rflpvt/synopsys/scx3_cmos8rf_lpvt_tt_1p2v_25c.db dw_foundation.sldb
/courses/ee6321/share/ibm13rflpvt/synopsys/scx3_cmos8rf_lpvt_tt_1p2v_25c.db
/courses/ee6321/share/ibm13rflpvt/synopsys/scx3_cmos8rf_lpvt_tt_1p2v_25c.db
read_verilog "../../rtl/$top_level/$top_level.v"
Loading db file '/courses/ee6321/share/ibm13rflpvt/synopsys/scx3_cmos8rf_lpvt_tt_1p2v_25c.db'
Loading db file '/tools/synopsys/syn/current/libraries/syn/dw_foundation.sldb'
Loading db file '/tools/synopsys/syn/current/libraries/syn/gtech.db'
Loading db file '/tools/synopsys/syn/current/libraries/syn/standard.sldb'
  Loading link library 'scx3_cmos8rf_lpvt_tt_1p2v_25c'
  Loading link library 'gtech'
Loading verilog file '/homes/user/stud/fall25/aw3741/CSEE4832/FIR/rtl/fir_cmem/fir_cmem.v'
Detecting input file type automatically (-rtl or -netlist).
Reading with Presto HDL Compiler (equivalent to -rtl option).
Running PRESTO HDLC
Compiling source file /homes/user/stud/fall25/aw3741/CSEE4832/FIR/rtl/fir_cmem/fir_cmem.v
Warning:  /homes/user/stud/fall25/aw3741/CSEE4832/FIR/rtl/fir_cmem/fir_cmem.v:27: unsigned to signed assignment occurs. (VER-318)

Inferred memory devices in process
	in routine cmem line 25 in file
		'/homes/user/stud/fall25/aw3741/CSEE4832/FIR/rtl/fir_cmem/fir_cmem.v'.
===============================================================================
|    Register Name    |   Type    | Width | Bus | MB | AR | AS | SR | SS | ST |
===============================================================================
|       mem_reg       | Flip-flop | 1024  |  Y  | N  | N  | N  | N  | N  | N  |
|      cout_reg       | Flip-flop |  16   |  Y  | N  | Y  | N  | N  | N  | N  |
===============================================================================
Statistics for MUX_OPs
======================================================
| block name/line  | Inputs | Outputs | # sel inputs |
======================================================
|     cmem/35      |   64   |   16    |      6       |
======================================================
Presto compilation completed successfully.
Current design is now '/homes/user/stud/fall25/aw3741/CSEE4832/FIR/rtl/fir_cmem/cmem.db:cmem'
Loaded 1 design.
Current design is 'cmem'.
cmem
set set_fix_multiple_port_nets "true"
true
list_designs
cmem (*)
1
if { [check_error -v] == 1 } { exit 1 }
#########################################
# Design Constraints                    #
#########################################
current_design $top_level
Error: Can't find design 'fir_cmem'. (UID-109)
Current design is 'cmem'.
{cmem}
link

  Linking design 'cmem'
  Using the following designs and libraries:
  --------------------------------------------------------------------------
  cmem                        /homes/user/stud/fall25/aw3741/CSEE4832/FIR/rtl/fir_cmem/cmem.db
  scx3_cmos8rf_lpvt_tt_1p2v_25c (library) /courses/ee6321/share/ibm13rflpvt/synopsys/scx3_cmos8rf_lpvt_tt_1p2v_25c.db
  dw_foundation.sldb (library) /tools/synopsys/syn/current/libraries/syn/dw_foundation.sldb

1
check_design
1
source -verbose "./timing.tcl"
10.00
0.25
0.15
1.0
1.0
0.010
1
1
1
Warning: Design rule attributes from the driving cell will be set on the port 'clk2'. (UID-401)
Warning: Design rule attributes from the driving cell will be set on the port 'rstn'. (UID-401)
Warning: Design rule attributes from the driving cell will be set on the port 'cload'. (UID-401)
Warning: Design rule attributes from the driving cell will be set on the port 'caddr[5]'. (UID-401)
Warning: Design rule attributes from the driving cell will be set on the port 'caddr[4]'. (UID-401)
Warning: Design rule attributes from the driving cell will be set on the port 'caddr[3]'. (UID-401)
Warning: Design rule attributes from the driving cell will be set on the port 'caddr[2]'. (UID-401)
Warning: Design rule attributes from the driving cell will be set on the port 'caddr[1]'. (UID-401)
Warning: Design rule attributes from the driving cell will be set on the port 'caddr[0]'. (UID-401)
Warning: Design rule attributes from the driving cell will be set on the port 'cin[15]'. (UID-401)
Warning: Design rule attributes from the driving cell will be set on the port 'cin[14]'. (UID-401)
Warning: Design rule attributes from the driving cell will be set on the port 'cin[13]'. (UID-401)
Warning: Design rule attributes from the driving cell will be set on the port 'cin[12]'. (UID-401)
Warning: Design rule attributes from the driving cell will be set on the port 'cin[11]'. (UID-401)
Warning: Design rule attributes from the driving cell will be set on the port 'cin[10]'. (UID-401)
Warning: Design rule attributes from the driving cell will be set on the port 'cin[9]'. (UID-401)
Warning: Design rule attributes from the driving cell will be set on the port 'cin[8]'. (UID-401)
Warning: Design rule attributes from the driving cell will be set on the port 'cin[7]'. (UID-401)
Warning: Design rule attributes from the driving cell will be set on the port 'cin[6]'. (UID-401)
Warning: Design rule attributes from the driving cell will be set on the port 'cin[5]'. (UID-401)
Warning: Design rule attributes from the driving cell will be set on the port 'cin[4]'. (UID-401)
Warning: Design rule attributes from the driving cell will be set on the port 'cin[3]'. (UID-401)
Warning: Design rule attributes from the driving cell will be set on the port 'cin[2]'. (UID-401)
Warning: Design rule attributes from the driving cell will be set on the port 'cin[1]'. (UID-401)
Warning: Design rule attributes from the driving cell will be set on the port 'cin[0]'. (UID-401)
Warning: Design rule attributes from the driving cell will be set on the port 'ren'. (UID-401)
Warning: Design rule attributes from the driving cell will be set on the port 'raddr[5]'. (UID-401)
Warning: Design rule attributes from the driving cell will be set on the port 'raddr[4]'. (UID-401)
Warning: Design rule attributes from the driving cell will be set on the port 'raddr[3]'. (UID-401)
Warning: Design rule attributes from the driving cell will be set on the port 'raddr[2]'. (UID-401)
Warning: Design rule attributes from the driving cell will be set on the port 'raddr[1]'. (UID-401)
Warning: Design rule attributes from the driving cell will be set on the port 'raddr[0]'. (UID-401)
1
1
1
1
1
1
1
1
1
set_max_capacitance 0.005 [all_inputs]
1
set_max_fanout 16 $top_level
Warning: Can't find object 'fir_cmem' in design 'cmem'. (UID-95)
Error: Value for list 'object_list' must have 1 elements. (CMD-036)
0
set_max_fanout 16 [all_inputs]
1
set_max_area 1.0e9 
1
set_fix_multiple_port_nets -all -buffer_constants
1
#########################################
# Compile                               #
#########################################
check_design
1
#uniquify
current_design $top_level
Error: Can't find design 'fir_cmem'. (UID-109)
Current design is 'cmem'.
{cmem}
link

  Linking design 'cmem'
  Using the following designs and libraries:
  --------------------------------------------------------------------------
  cmem                        /homes/user/stud/fall25/aw3741/CSEE4832/FIR/rtl/fir_cmem/cmem.db
  scx3_cmos8rf_lpvt_tt_1p2v_25c (library)
                              /courses/ee6321/share/ibm13rflpvt/synopsys/scx3_cmos8rf_lpvt_tt_1p2v_25c.db
  dw_foundation.sldb (library)
                              /tools/synopsys/syn/current/libraries/syn/dw_foundation.sldb

1
compile_ultra
Information: Performing leakage power optimization. (PWR-850)
CPU Load: 51%, Ram Free: 12 GB, Swap Free: 31 GB, Work Disk Free: 8159 GB, Tmp Disk Free: 15 GB
Analyzing: "/courses/ee6321/share/ibm13rflpvt/synopsys/scx3_cmos8rf_lpvt_tt_1p2v_25c.db"
Library analysis succeeded.
Information: Evaluating DesignWare library utilization. (UISN-27)

============================================================================
| DesignWare Building Block Library  |         Version         | Available |
============================================================================
| Basic DW Building Blocks           | U-2022.12-DWBB_202212.5 |     *     |
| Licensed DW Building Blocks        | U-2022.12-DWBB_202212.5 |     *     |
============================================================================

====================================================================================================
| Flow Information                                                                                 |
----------------------------------------------------------------------------------------------------
| Flow         | Design Compiler WLM                                                               |
| Command Line | compile_ultra                                                                     |
====================================================================================================
| Design Information                                      | Value                                  |
====================================================================================================
| Number of Scenarios                                     | 0                                      |
| Leaf Cell Count                                         | 1234                                   |
| Number of User Hierarchies                              | 0                                      |
| Sequential Cell Count                                   | 1040                                   |
| Macro Count                                             | 0                                      |
| Number of Power Domains                                 | 0                                      |
| Number of Path Groups                                   | 2                                      |
| Number of VT Class                                      | 0                                      |
| Number of Clocks                                        | 1                                      |
| Number of Dont Touch Cells                              | 92                                     |
| Number of Dont Touch Nets                               | 0                                      |
| Number of Size Only Cells                               | 0                                      |
| Design with UPF Data                                    | false                                  |
----------------------------------------------------------------------------------------------------
| Variables                                               | Value                                  |
----------------------------------------------------------------------------------------------------
| set_fix_multiple_port_nets                              | -all -buffer_constants                 |
====================================================================================================
Information: Sequential output inversion is enabled.  SVF file must be used for formal verification. (OPT-1208)
  Simplifying Design 'cmem'

Loaded alib file './alib-52/scx3_cmos8rf_lpvt_tt_1p2v_25c.db.alib'
  Building model 'DW01_NAND2'
Information: Ungrouping 0 of 1 hierarchies before Pass 1 (OPT-775)
CPU Load: 55%, Ram Free: 12 GB, Swap Free: 31 GB, Work Disk Free: 8159 GB, Tmp Disk Free: 15 GB
Information: State dependent leakage is now switched from on to off.

  Beginning Pass 1 Mapping
  ------------------------
  Processing 'cmem'
CPU Load: 55%, Ram Free: 12 GB, Swap Free: 31 GB, Work Disk Free: 8159 GB, Tmp Disk Free: 15 GB

  Updating timing information
Information: Updating design information... (UID-85)
Information: The library cell 'HOLDX1TS' in the library 'scx3_cmos8rf_lpvt_tt_1p2v_25c' is not characterized for internal power. (PWR-536)
Information: The target library(s) contains cell(s), other than black boxes, that are not characterized for internal power. (PWR-24)

  Beginning Mapping Optimizations  (Ultra High effort)
  -------------------------------
Information: There is no timing violation in design cmem. Delay-based auto_ungroup will not be performed. (OPT-780)
  Mapping Optimization (Phase 1)
Information: Command 'do_operand_isolation' is obsolete and is being ignored.  Please refer to the replacement command 'set power_enable_datapath_gating true' instead. (INFO-118)

                                  TOTAL                                                
   ELAPSED            WORST NEG   SETUP    DESIGN                              LEAKAGE 
    TIME      AREA      SLACK     COST    RULE COST         ENDPOINT            POWER  
  --------- --------- --------- --------- --------- ------------------------- ---------
    0:00:13   68781.6      0.00       0.0     379.9                           101140.3984
    0:00:13   68781.6      0.00       0.0     379.9                           101140.3984

  Beginning Constant Register Removal
  -----------------------------------
    0:00:14   68781.6      0.00       0.0     379.9                           101140.3984
    0:00:14   68781.6      0.00       0.0     379.9                           101140.3984

  Beginning Global Optimizations
  ------------------------------
  Numerical Synthesis (Phase 1)
  Numerical Synthesis (Phase 2)
  Global Optimization (Phase 1)
  Global Optimization (Phase 2)
  Global Optimization (Phase 3)
  Global Optimization (Phase 4)
  Global Optimization (Phase 5)
  Global Optimization (Phase 6)
  Global Optimization (Phase 7)
  Global Optimization (Phase 8)
  Global Optimization (Phase 9)
  Global Optimization (Phase 10)
  Global Optimization (Phase 11)
  Global Optimization (Phase 12)
  Global Optimization (Phase 13)
  Global Optimization (Phase 14)
  Global Optimization (Phase 15)
  Global Optimization (Phase 16)
  Global Optimization (Phase 17)
  Global Optimization (Phase 18)
  Global Optimization (Phase 19)
  Global Optimization (Phase 20)
  Global Optimization (Phase 21)
  Global Optimization (Phase 22)
  Global Optimization (Phase 23)
  Global Optimization (Phase 24)
  Global Optimization (Phase 25)
  Global Optimization (Phase 26)
  Global Optimization (Phase 27)
  Global Optimization (Phase 28)
  Global Optimization (Phase 29)
  Global Optimization (Phase 30)
  Global Optimization (Phase 31)

  Beginning Isolate Ports
  -----------------------

  Beginning Delay Optimization
  ----------------------------
    0:00:16   43411.7      0.00       0.0      96.8                           52772.9219
    0:00:16   43411.7      0.00       0.0      96.8                           52772.9219
    0:00:16   43411.7      0.00       0.0      96.8                           52772.9219
    0:00:16   43411.7      0.00       0.0      96.8                           52772.9219
    0:00:17   43411.7      0.00       0.0      96.8                           52772.9219
    0:00:17   43411.7      0.00       0.0      96.8                           52772.9219

  Beginning WLM Backend Optimization
  --------------------------------------
    0:00:18   43411.7      0.00       0.0      96.8                           52772.9219
    0:00:18   43411.7      0.00       0.0      96.8                           52772.9219
    0:00:18   43411.7      0.00       0.0      96.8                           52772.9219
    0:00:18   43411.7      0.00       0.0      96.8                           52772.9219
    0:00:18   43411.7      0.00       0.0      96.8                           52772.9219
    0:00:18   43411.7      0.00       0.0      96.8                           52772.9219
    0:00:18   43411.7      0.00       0.0      96.8                           52772.9219
    0:00:18   43411.7      0.00       0.0      96.8                           52772.9219
    0:00:18   43411.7      0.00       0.0      96.8                           52772.9219
    0:00:18   43411.7      0.00       0.0      96.8                           52772.9219
    0:00:18   43411.7      0.00       0.0      96.8                           52772.9219
    0:00:18   43411.7      0.00       0.0      96.8                           52772.9219
    0:00:18   43411.7      0.00       0.0      96.8                           52772.9219
    0:00:18   43411.7      0.00       0.0      96.8                           52772.9219
    0:00:18   43411.7      0.00       0.0      96.8                           52772.9219
    0:00:18   43411.7      0.00       0.0      96.8                           52772.9219
    0:00:18   43411.7      0.00       0.0      96.8                           52772.9219
    0:00:18   43411.7      0.00       0.0      96.8                           52772.9219
    0:00:19   43411.7      0.00       0.0      96.8                           52772.9219
    0:00:19   43411.7      0.00       0.0      96.8                           52772.9219
    0:00:19   43411.7      0.00       0.0      96.8                           52772.9219
    0:00:19   43411.7      0.00       0.0      96.8                           52772.9219


  Beginning Design Rule Fixing  (max_fanout)  (max_capacitance)
  ----------------------------

                                  TOTAL                                                
   ELAPSED            WORST NEG   SETUP    DESIGN                              LEAKAGE 
    TIME      AREA      SLACK     COST    RULE COST         ENDPOINT            POWER  
  --------- --------- --------- --------- --------- ------------------------- ---------
    0:00:19   43411.7      0.00       0.0      96.8                           52772.9219
  Global Optimization (Phase 32)
  Global Optimization (Phase 33)
  Global Optimization (Phase 34)
    0:00:19   43506.7      0.00       0.0       0.0                           52844.6133
    0:00:19   43506.7      0.00       0.0       0.0                           52844.6133


  Beginning Leakage Power Optimization  (max_leakage_power 0)
  ------------------------------------

                                  TOTAL                                                
   ELAPSED            WORST NEG   SETUP    DESIGN                              LEAKAGE 
    TIME      AREA      SLACK     COST    RULE COST         ENDPOINT            POWER  
  --------- --------- --------- --------- --------- ------------------------- ---------
    0:00:19   43506.7      0.00       0.0       0.0                           52844.6133
    0:00:19   43506.7      0.00       0.0       0.0                           52844.6133
    0:00:19   43506.7      0.00       0.0       0.0                           52844.6133
    0:00:19   43506.7      0.00       0.0       0.0                           52844.6133
    0:00:19   43506.7      0.00       0.0       0.0                           52839.6562
    0:00:19   43506.7      0.00       0.0       0.0                           52839.6562
    0:00:19   43506.7      0.00       0.0       0.0                           52839.6562
    0:00:19   43506.7      0.00       0.0       0.0                           52839.6562
    0:00:19   43506.7      0.00       0.0       0.0                           52839.6562
    0:00:19   43506.7      0.00       0.0       0.0                           52839.6562
    0:00:19   43506.7      0.00       0.0       0.0                           52839.6562
    0:00:19   43506.7      0.00       0.0       0.0                           52839.6562
    0:00:19   43506.7      0.00       0.0       0.0                           52839.6562
    0:00:19   43506.7      0.00       0.0       0.0                           52839.6562
    0:00:19   43506.7      0.00       0.0       0.0                           52839.6562
    0:00:19   43506.7      0.00       0.0       0.0                           52839.6562
    0:00:19   43506.7      0.00       0.0       0.0                           52839.6562
    0:00:19   43506.7      0.00       0.0       0.0                           52839.6562
    0:00:19   43506.7      0.00       0.0       0.0                           52839.6562
    0:00:19   43506.7      0.00       0.0       0.0                           52839.6562
    0:00:19   43506.7      0.00       0.0       0.0                           52839.6562
    0:00:19   43506.7      0.00       0.0       0.0                           52839.6562
    0:00:19   43506.7      0.00       0.0       0.0                           52839.6562

                                  TOTAL                                                
   ELAPSED            WORST NEG   SETUP    DESIGN                              LEAKAGE 
    TIME      AREA      SLACK     COST    RULE COST         ENDPOINT            POWER  
  --------- --------- --------- --------- --------- ------------------------- ---------
    0:00:20   43506.7      0.00       0.0       0.0                           52839.6562
    0:00:20   43475.0      0.00       0.0       0.0                           52363.6992
    0:00:21   43475.0      0.00       0.0       0.0                           52363.6992
    0:00:21   43475.0      0.00       0.0       0.0                           52363.6992
    0:00:21   43475.0      0.00       0.0       0.0                           52363.6992
    0:00:21   43475.0      0.00       0.0       0.0                           52360.6289
    0:00:21   43475.0      0.00       0.0       0.0                           52360.6289
    0:00:21   43475.0      0.00       0.0       0.0                           52360.6289
    0:00:21   43475.0      0.00       0.0       0.0                           52360.6289
    0:00:22   43475.0      0.00       0.0       0.0                           52360.6289
    0:00:22   43475.0      0.00       0.0       0.0                           52360.6289
CPU Load: 55%, Ram Free: 12 GB, Swap Free: 31 GB, Work Disk Free: 8159 GB, Tmp Disk Free: 15 GB
Loading db file '/courses/ee6321/share/ibm13rflpvt/synopsys/scx3_cmos8rf_lpvt_tt_1p2v_25c.db'


Note: Symbol # after min delay cost means estimated hold TNS across all active scenarios 


  Optimization Complete
  ---------------------
Warning: Design 'cmem' contains 1 high-fanout nets. A fanout number of 1000 will be used for delay calculations involving these nets. (TIM-134)
     Net 'clk2': 1040 load(s), 1 driver(s)
Information: State dependent leakage is now switched from off to on.
Information: Propagating switching activity (low effort zero delay simulation). (PWR-6)
CPU Load: 55%, Ram Free: 12 GB, Swap Free: 31 GB, Work Disk Free: 8159 GB, Tmp Disk Free: 15 GB
Information: Total number of MV cells in the design.
----------------------------------------------------------------------------------------------------
 MV Cells                                           Total Number                                   
----------------------------------------------------------------------------------------------------
 Level Shifter:                                     0                                             
 Enable Level Shifter:                              0                                             
 Isolation Cell:                                    0                                             
 Retention Cell:                                    0                                             
 Retention Clamp Cell:                              0                                             
 Switch Cell:                                       0                                             
 Always-On Cell:                                    0                                             
 Repeater Cell:                                     0                                             

----------------------------------------------------------------------------------------------------
Unmapped MV Cells 
----------------------------------------------------------------------------------------------------
0 Isolation Cells are unmapped 
0 Retention Clamp Cells are unmapped 
----------------------------------------------------------------------------------------------------
1
#########################################
# Optimize design                       #
# Some pointers for possible optimizatio# 
# Check the DC reference manual         #
#########################################
#set_transform_for_retiming {temp_reg[6] temp_reg[5] temp_reg[4] temp_reg[3] temp_reg[2] temp_reg[1] temp_reg[0]} dont_retime
#optimize_registers -clock clk -edge rise -justification_effort high 
#balance_registers
#source -verbose "../script/timing.1.2ns.tcl"
#pipeline_design -stages 8 -clock_port_name $clk_name -check_design -verbose -print_critical_loop
#set_max_capacitance 1 [all_inputs] 
#compile_ultra -no_autoungroup -no_boundary_optimization
#remove_clock -all
#pipeline_design -stages 8 -clock_port_name $clk_name -async_reset reset -check_design -verbose -minimum_period_only
#########################################
# Write outputs                         #
#########################################
source -verbose "../common_script/namingrules.tcl"
1

Design          Type    Object                  New Name
--------------------------------------------------------------------------------
cmem            cell    mem_reg[0][15]          mem_reg_0__15_
cmem            cell    mem_reg[0][14]          mem_reg_0__14_
cmem            cell    mem_reg[0][13]          mem_reg_0__13_
cmem            cell    mem_reg[0][12]          mem_reg_0__12_
cmem            cell    mem_reg[0][11]          mem_reg_0__11_
cmem            cell    mem_reg[0][10]          mem_reg_0__10_
cmem            cell    mem_reg[0][9]           mem_reg_0__9_
cmem            cell    mem_reg[0][8]           mem_reg_0__8_
cmem            cell    mem_reg[0][7]           mem_reg_0__7_
cmem            cell    mem_reg[0][6]           mem_reg_0__6_
cmem            cell    mem_reg[0][5]           mem_reg_0__5_
cmem            cell    mem_reg[0][4]           mem_reg_0__4_
cmem            cell    mem_reg[0][3]           mem_reg_0__3_
cmem            cell    mem_reg[0][2]           mem_reg_0__2_
cmem            cell    mem_reg[0][1]           mem_reg_0__1_
cmem            cell    mem_reg[0][0]           mem_reg_0__0_
cmem            cell    mem_reg[1][15]          mem_reg_1__15_
cmem            cell    mem_reg[1][14]          mem_reg_1__14_
cmem            cell    mem_reg[1][13]          mem_reg_1__13_
cmem            cell    mem_reg[1][12]          mem_reg_1__12_
cmem            cell    mem_reg[1][11]          mem_reg_1__11_
cmem            cell    mem_reg[1][10]          mem_reg_1__10_
cmem            cell    mem_reg[1][9]           mem_reg_1__9_
cmem            cell    mem_reg[1][8]           mem_reg_1__8_
cmem            cell    mem_reg[1][7]           mem_reg_1__7_
cmem            cell    mem_reg[1][6]           mem_reg_1__6_
cmem            cell    mem_reg[1][5]           mem_reg_1__5_
cmem            cell    mem_reg[1][4]           mem_reg_1__4_
cmem            cell    mem_reg[1][3]           mem_reg_1__3_
cmem            cell    mem_reg[1][2]           mem_reg_1__2_
cmem            cell    mem_reg[1][1]           mem_reg_1__1_
cmem            cell    mem_reg[1][0]           mem_reg_1__0_
cmem            cell    mem_reg[2][15]          mem_reg_2__15_
cmem            cell    mem_reg[2][14]          mem_reg_2__14_
cmem            cell    mem_reg[2][13]          mem_reg_2__13_
cmem            cell    mem_reg[2][12]          mem_reg_2__12_
cmem            cell    mem_reg[2][11]          mem_reg_2__11_
cmem            cell    mem_reg[2][10]          mem_reg_2__10_
cmem            cell    mem_reg[2][9]           mem_reg_2__9_
cmem            cell    mem_reg[2][8]           mem_reg_2__8_
cmem            cell    mem_reg[2][7]           mem_reg_2__7_
cmem            cell    mem_reg[2][6]           mem_reg_2__6_
cmem            cell    mem_reg[2][5]           mem_reg_2__5_
cmem            cell    mem_reg[2][4]           mem_reg_2__4_
cmem            cell    mem_reg[2][3]           mem_reg_2__3_
cmem            cell    mem_reg[2][2]           mem_reg_2__2_
cmem            cell    mem_reg[2][1]           mem_reg_2__1_
cmem            cell    mem_reg[2][0]           mem_reg_2__0_
cmem            cell    mem_reg[3][15]          mem_reg_3__15_
cmem            cell    mem_reg[3][14]          mem_reg_3__14_
cmem            cell    mem_reg[3][13]          mem_reg_3__13_
cmem            cell    mem_reg[3][12]          mem_reg_3__12_
cmem            cell    mem_reg[3][11]          mem_reg_3__11_
cmem            cell    mem_reg[3][10]          mem_reg_3__10_
cmem            cell    mem_reg[3][9]           mem_reg_3__9_
cmem            cell    mem_reg[3][8]           mem_reg_3__8_
cmem            cell    mem_reg[3][7]           mem_reg_3__7_
cmem            cell    mem_reg[3][6]           mem_reg_3__6_
cmem            cell    mem_reg[3][5]           mem_reg_3__5_
cmem            cell    mem_reg[3][4]           mem_reg_3__4_
cmem            cell    mem_reg[3][3]           mem_reg_3__3_
cmem            cell    mem_reg[3][2]           mem_reg_3__2_
cmem            cell    mem_reg[3][1]           mem_reg_3__1_
cmem            cell    mem_reg[3][0]           mem_reg_3__0_
cmem            cell    mem_reg[4][15]          mem_reg_4__15_
cmem            cell    mem_reg[4][14]          mem_reg_4__14_
cmem            cell    mem_reg[4][13]          mem_reg_4__13_
cmem            cell    mem_reg[4][12]          mem_reg_4__12_
cmem            cell    mem_reg[4][11]          mem_reg_4__11_
cmem            cell    mem_reg[4][10]          mem_reg_4__10_
cmem            cell    mem_reg[4][9]           mem_reg_4__9_
cmem            cell    mem_reg[4][8]           mem_reg_4__8_
cmem            cell    mem_reg[4][7]           mem_reg_4__7_
cmem            cell    mem_reg[4][6]           mem_reg_4__6_
cmem            cell    mem_reg[4][5]           mem_reg_4__5_
cmem            cell    mem_reg[4][4]           mem_reg_4__4_
cmem            cell    mem_reg[4][3]           mem_reg_4__3_
cmem            cell    mem_reg[4][2]           mem_reg_4__2_
cmem            cell    mem_reg[4][1]           mem_reg_4__1_
cmem            cell    mem_reg[4][0]           mem_reg_4__0_
cmem            cell    mem_reg[5][15]          mem_reg_5__15_
cmem            cell    mem_reg[5][14]          mem_reg_5__14_
cmem            cell    mem_reg[5][13]          mem_reg_5__13_
cmem            cell    mem_reg[5][12]          mem_reg_5__12_
cmem            cell    mem_reg[5][11]          mem_reg_5__11_
cmem            cell    mem_reg[5][10]          mem_reg_5__10_
cmem            cell    mem_reg[5][9]           mem_reg_5__9_
cmem            cell    mem_reg[5][8]           mem_reg_5__8_
cmem            cell    mem_reg[5][7]           mem_reg_5__7_
cmem            cell    mem_reg[5][6]           mem_reg_5__6_
cmem            cell    mem_reg[5][5]           mem_reg_5__5_
cmem            cell    mem_reg[5][4]           mem_reg_5__4_
cmem            cell    mem_reg[5][3]           mem_reg_5__3_
cmem            cell    mem_reg[5][2]           mem_reg_5__2_
cmem            cell    mem_reg[5][1]           mem_reg_5__1_
cmem            cell    mem_reg[5][0]           mem_reg_5__0_
cmem            cell    mem_reg[6][15]          mem_reg_6__15_
cmem            cell    mem_reg[6][14]          mem_reg_6__14_
cmem            cell    mem_reg[6][13]          mem_reg_6__13_
cmem            cell    mem_reg[6][12]          mem_reg_6__12_
cmem            cell    mem_reg[6][11]          mem_reg_6__11_
cmem            cell    mem_reg[6][10]          mem_reg_6__10_
cmem            cell    mem_reg[6][9]           mem_reg_6__9_
cmem            cell    mem_reg[6][8]           mem_reg_6__8_
cmem            cell    mem_reg[6][7]           mem_reg_6__7_
cmem            cell    mem_reg[6][6]           mem_reg_6__6_
cmem            cell    mem_reg[6][5]           mem_reg_6__5_
cmem            cell    mem_reg[6][4]           mem_reg_6__4_
cmem            cell    mem_reg[6][3]           mem_reg_6__3_
cmem            cell    mem_reg[6][2]           mem_reg_6__2_
cmem            cell    mem_reg[6][1]           mem_reg_6__1_
cmem            cell    mem_reg[6][0]           mem_reg_6__0_
cmem            cell    mem_reg[7][15]          mem_reg_7__15_
cmem            cell    mem_reg[7][14]          mem_reg_7__14_
cmem            cell    mem_reg[7][13]          mem_reg_7__13_
cmem            cell    mem_reg[7][12]          mem_reg_7__12_
cmem            cell    mem_reg[7][11]          mem_reg_7__11_
cmem            cell    mem_reg[7][10]          mem_reg_7__10_
cmem            cell    mem_reg[7][9]           mem_reg_7__9_
cmem            cell    mem_reg[7][8]           mem_reg_7__8_
cmem            cell    mem_reg[7][7]           mem_reg_7__7_
cmem            cell    mem_reg[7][6]           mem_reg_7__6_
cmem            cell    mem_reg[7][5]           mem_reg_7__5_
cmem            cell    mem_reg[7][4]           mem_reg_7__4_
cmem            cell    mem_reg[7][3]           mem_reg_7__3_
cmem            cell    mem_reg[7][2]           mem_reg_7__2_
cmem            cell    mem_reg[7][1]           mem_reg_7__1_
cmem            cell    mem_reg[7][0]           mem_reg_7__0_
cmem            cell    mem_reg[8][15]          mem_reg_8__15_
cmem            cell    mem_reg[8][14]          mem_reg_8__14_
cmem            cell    mem_reg[8][13]          mem_reg_8__13_
cmem            cell    mem_reg[8][12]          mem_reg_8__12_
cmem            cell    mem_reg[8][11]          mem_reg_8__11_
cmem            cell    mem_reg[8][10]          mem_reg_8__10_
cmem            cell    mem_reg[8][9]           mem_reg_8__9_
cmem            cell    mem_reg[8][8]           mem_reg_8__8_
cmem            cell    mem_reg[8][7]           mem_reg_8__7_
cmem            cell    mem_reg[8][6]           mem_reg_8__6_
cmem            cell    mem_reg[8][5]           mem_reg_8__5_
cmem            cell    mem_reg[8][4]           mem_reg_8__4_
cmem            cell    mem_reg[8][3]           mem_reg_8__3_
cmem            cell    mem_reg[8][2]           mem_reg_8__2_
cmem            cell    mem_reg[8][1]           mem_reg_8__1_
cmem            cell    mem_reg[8][0]           mem_reg_8__0_
cmem            cell    mem_reg[9][15]          mem_reg_9__15_
cmem            cell    mem_reg[9][14]          mem_reg_9__14_
cmem            cell    mem_reg[9][13]          mem_reg_9__13_
cmem            cell    mem_reg[9][12]          mem_reg_9__12_
cmem            cell    mem_reg[9][11]          mem_reg_9__11_
cmem            cell    mem_reg[9][10]          mem_reg_9__10_
cmem            cell    mem_reg[9][9]           mem_reg_9__9_
cmem            cell    mem_reg[9][8]           mem_reg_9__8_
cmem            cell    mem_reg[9][7]           mem_reg_9__7_
cmem            cell    mem_reg[9][6]           mem_reg_9__6_
cmem            cell    mem_reg[9][5]           mem_reg_9__5_
cmem            cell    mem_reg[9][4]           mem_reg_9__4_
cmem            cell    mem_reg[9][3]           mem_reg_9__3_
cmem            cell    mem_reg[9][2]           mem_reg_9__2_
cmem            cell    mem_reg[9][1]           mem_reg_9__1_
cmem            cell    mem_reg[9][0]           mem_reg_9__0_
cmem            cell    mem_reg[10][15]         mem_reg_10__15_
cmem            cell    mem_reg[10][14]         mem_reg_10__14_
cmem            cell    mem_reg[10][13]         mem_reg_10__13_
cmem            cell    mem_reg[10][12]         mem_reg_10__12_
cmem            cell    mem_reg[10][11]         mem_reg_10__11_
cmem            cell    mem_reg[10][10]         mem_reg_10__10_
cmem            cell    mem_reg[10][9]          mem_reg_10__9_
cmem            cell    mem_reg[10][8]          mem_reg_10__8_
cmem            cell    mem_reg[10][7]          mem_reg_10__7_
cmem            cell    mem_reg[10][6]          mem_reg_10__6_
cmem            cell    mem_reg[10][5]          mem_reg_10__5_
cmem            cell    mem_reg[10][4]          mem_reg_10__4_
cmem            cell    mem_reg[10][3]          mem_reg_10__3_
cmem            cell    mem_reg[10][2]          mem_reg_10__2_
cmem            cell    mem_reg[10][1]          mem_reg_10__1_
cmem            cell    mem_reg[10][0]          mem_reg_10__0_
cmem            cell    mem_reg[11][15]         mem_reg_11__15_
cmem            cell    mem_reg[11][14]         mem_reg_11__14_
cmem            cell    mem_reg[11][13]         mem_reg_11__13_
cmem            cell    mem_reg[11][12]         mem_reg_11__12_
cmem            cell    mem_reg[11][11]         mem_reg_11__11_
cmem            cell    mem_reg[11][10]         mem_reg_11__10_
cmem            cell    mem_reg[11][9]          mem_reg_11__9_
cmem            cell    mem_reg[11][8]          mem_reg_11__8_
cmem            cell    mem_reg[11][7]          mem_reg_11__7_
cmem            cell    mem_reg[11][6]          mem_reg_11__6_
cmem            cell    mem_reg[11][5]          mem_reg_11__5_
cmem            cell    mem_reg[11][4]          mem_reg_11__4_
cmem            cell    mem_reg[11][3]          mem_reg_11__3_
cmem            cell    mem_reg[11][2]          mem_reg_11__2_
cmem            cell    mem_reg[11][1]          mem_reg_11__1_
cmem            cell    mem_reg[11][0]          mem_reg_11__0_
cmem            cell    mem_reg[12][15]         mem_reg_12__15_
cmem            cell    mem_reg[12][14]         mem_reg_12__14_
cmem            cell    mem_reg[12][13]         mem_reg_12__13_
cmem            cell    mem_reg[12][12]         mem_reg_12__12_
cmem            cell    mem_reg[12][11]         mem_reg_12__11_
cmem            cell    mem_reg[12][10]         mem_reg_12__10_
cmem            cell    mem_reg[12][9]          mem_reg_12__9_
cmem            cell    mem_reg[12][8]          mem_reg_12__8_
cmem            cell    mem_reg[12][7]          mem_reg_12__7_
cmem            cell    mem_reg[12][6]          mem_reg_12__6_
cmem            cell    mem_reg[12][5]          mem_reg_12__5_
cmem            cell    mem_reg[12][4]          mem_reg_12__4_
cmem            cell    mem_reg[12][3]          mem_reg_12__3_
cmem            cell    mem_reg[12][2]          mem_reg_12__2_
cmem            cell    mem_reg[12][1]          mem_reg_12__1_
cmem            cell    mem_reg[12][0]          mem_reg_12__0_
cmem            cell    mem_reg[13][15]         mem_reg_13__15_
cmem            cell    mem_reg[13][14]         mem_reg_13__14_
cmem            cell    mem_reg[13][13]         mem_reg_13__13_
cmem            cell    mem_reg[13][12]         mem_reg_13__12_
cmem            cell    mem_reg[13][11]         mem_reg_13__11_
cmem            cell    mem_reg[13][10]         mem_reg_13__10_
cmem            cell    mem_reg[13][9]          mem_reg_13__9_
cmem            cell    mem_reg[13][8]          mem_reg_13__8_
cmem            cell    mem_reg[13][7]          mem_reg_13__7_
cmem            cell    mem_reg[13][6]          mem_reg_13__6_
cmem            cell    mem_reg[13][5]          mem_reg_13__5_
cmem            cell    mem_reg[13][4]          mem_reg_13__4_
cmem            cell    mem_reg[13][3]          mem_reg_13__3_
cmem            cell    mem_reg[13][2]          mem_reg_13__2_
cmem            cell    mem_reg[13][1]          mem_reg_13__1_
cmem            cell    mem_reg[13][0]          mem_reg_13__0_
cmem            cell    mem_reg[14][15]         mem_reg_14__15_
cmem            cell    mem_reg[14][14]         mem_reg_14__14_
cmem            cell    mem_reg[14][13]         mem_reg_14__13_
cmem            cell    mem_reg[14][12]         mem_reg_14__12_
cmem            cell    mem_reg[14][11]         mem_reg_14__11_
cmem            cell    mem_reg[14][10]         mem_reg_14__10_
cmem            cell    mem_reg[14][9]          mem_reg_14__9_
cmem            cell    mem_reg[14][8]          mem_reg_14__8_
cmem            cell    mem_reg[14][7]          mem_reg_14__7_
cmem            cell    mem_reg[14][6]          mem_reg_14__6_
cmem            cell    mem_reg[14][5]          mem_reg_14__5_
cmem            cell    mem_reg[14][4]          mem_reg_14__4_
cmem            cell    mem_reg[14][3]          mem_reg_14__3_
cmem            cell    mem_reg[14][2]          mem_reg_14__2_
cmem            cell    mem_reg[14][1]          mem_reg_14__1_
cmem            cell    mem_reg[14][0]          mem_reg_14__0_
cmem            cell    mem_reg[15][15]         mem_reg_15__15_
cmem            cell    mem_reg[15][14]         mem_reg_15__14_
cmem            cell    mem_reg[15][13]         mem_reg_15__13_
cmem            cell    mem_reg[15][12]         mem_reg_15__12_
cmem            cell    mem_reg[15][11]         mem_reg_15__11_
cmem            cell    mem_reg[15][10]         mem_reg_15__10_
cmem            cell    mem_reg[15][9]          mem_reg_15__9_
cmem            cell    mem_reg[15][8]          mem_reg_15__8_
cmem            cell    mem_reg[15][7]          mem_reg_15__7_
cmem            cell    mem_reg[15][6]          mem_reg_15__6_
cmem            cell    mem_reg[15][5]          mem_reg_15__5_
cmem            cell    mem_reg[15][4]          mem_reg_15__4_
cmem            cell    mem_reg[15][3]          mem_reg_15__3_
cmem            cell    mem_reg[15][2]          mem_reg_15__2_
cmem            cell    mem_reg[15][1]          mem_reg_15__1_
cmem            cell    mem_reg[15][0]          mem_reg_15__0_
cmem            cell    mem_reg[16][15]         mem_reg_16__15_
cmem            cell    mem_reg[16][14]         mem_reg_16__14_
cmem            cell    mem_reg[16][13]         mem_reg_16__13_
cmem            cell    mem_reg[16][12]         mem_reg_16__12_
cmem            cell    mem_reg[16][11]         mem_reg_16__11_
cmem            cell    mem_reg[16][10]         mem_reg_16__10_
cmem            cell    mem_reg[16][9]          mem_reg_16__9_
cmem            cell    mem_reg[16][8]          mem_reg_16__8_
cmem            cell    mem_reg[16][7]          mem_reg_16__7_
cmem            cell    mem_reg[16][6]          mem_reg_16__6_
cmem            cell    mem_reg[16][5]          mem_reg_16__5_
cmem            cell    mem_reg[16][4]          mem_reg_16__4_
cmem            cell    mem_reg[16][3]          mem_reg_16__3_
cmem            cell    mem_reg[16][2]          mem_reg_16__2_
cmem            cell    mem_reg[16][1]          mem_reg_16__1_
cmem            cell    mem_reg[16][0]          mem_reg_16__0_
cmem            cell    mem_reg[17][15]         mem_reg_17__15_
cmem            cell    mem_reg[17][14]         mem_reg_17__14_
cmem            cell    mem_reg[17][13]         mem_reg_17__13_
cmem            cell    mem_reg[17][12]         mem_reg_17__12_
cmem            cell    mem_reg[17][11]         mem_reg_17__11_
cmem            cell    mem_reg[17][10]         mem_reg_17__10_
cmem            cell    mem_reg[17][9]          mem_reg_17__9_
cmem            cell    mem_reg[17][8]          mem_reg_17__8_
cmem            cell    mem_reg[17][7]          mem_reg_17__7_
cmem            cell    mem_reg[17][6]          mem_reg_17__6_
cmem            cell    mem_reg[17][5]          mem_reg_17__5_
cmem            cell    mem_reg[17][4]          mem_reg_17__4_
cmem            cell    mem_reg[17][3]          mem_reg_17__3_
cmem            cell    mem_reg[17][2]          mem_reg_17__2_
cmem            cell    mem_reg[17][1]          mem_reg_17__1_
cmem            cell    mem_reg[17][0]          mem_reg_17__0_
cmem            cell    mem_reg[18][15]         mem_reg_18__15_
cmem            cell    mem_reg[18][14]         mem_reg_18__14_
cmem            cell    mem_reg[18][13]         mem_reg_18__13_
cmem            cell    mem_reg[18][12]         mem_reg_18__12_
cmem            cell    mem_reg[18][11]         mem_reg_18__11_
cmem            cell    mem_reg[18][10]         mem_reg_18__10_
cmem            cell    mem_reg[18][9]          mem_reg_18__9_
cmem            cell    mem_reg[18][8]          mem_reg_18__8_
cmem            cell    mem_reg[18][7]          mem_reg_18__7_
cmem            cell    mem_reg[18][6]          mem_reg_18__6_
cmem            cell    mem_reg[18][5]          mem_reg_18__5_
cmem            cell    mem_reg[18][4]          mem_reg_18__4_
cmem            cell    mem_reg[18][3]          mem_reg_18__3_
cmem            cell    mem_reg[18][2]          mem_reg_18__2_
cmem            cell    mem_reg[18][1]          mem_reg_18__1_
cmem            cell    mem_reg[18][0]          mem_reg_18__0_
cmem            cell    mem_reg[19][15]         mem_reg_19__15_
cmem            cell    mem_reg[19][14]         mem_reg_19__14_
cmem            cell    mem_reg[19][13]         mem_reg_19__13_
cmem            cell    mem_reg[19][12]         mem_reg_19__12_
cmem            cell    mem_reg[19][11]         mem_reg_19__11_
cmem            cell    mem_reg[19][10]         mem_reg_19__10_
cmem            cell    mem_reg[19][9]          mem_reg_19__9_
cmem            cell    mem_reg[19][8]          mem_reg_19__8_
cmem            cell    mem_reg[19][7]          mem_reg_19__7_
cmem            cell    mem_reg[19][6]          mem_reg_19__6_
cmem            cell    mem_reg[19][5]          mem_reg_19__5_
cmem            cell    mem_reg[19][4]          mem_reg_19__4_
cmem            cell    mem_reg[19][3]          mem_reg_19__3_
cmem            cell    mem_reg[19][2]          mem_reg_19__2_
cmem            cell    mem_reg[19][1]          mem_reg_19__1_
cmem            cell    mem_reg[19][0]          mem_reg_19__0_
cmem            cell    mem_reg[20][15]         mem_reg_20__15_
cmem            cell    mem_reg[20][14]         mem_reg_20__14_
cmem            cell    mem_reg[20][13]         mem_reg_20__13_
cmem            cell    mem_reg[20][12]         mem_reg_20__12_
cmem            cell    mem_reg[20][11]         mem_reg_20__11_
cmem            cell    mem_reg[20][10]         mem_reg_20__10_
cmem            cell    mem_reg[20][9]          mem_reg_20__9_
cmem            cell    mem_reg[20][8]          mem_reg_20__8_
cmem            cell    mem_reg[20][7]          mem_reg_20__7_
cmem            cell    mem_reg[20][6]          mem_reg_20__6_
cmem            cell    mem_reg[20][5]          mem_reg_20__5_
cmem            cell    mem_reg[20][4]          mem_reg_20__4_
cmem            cell    mem_reg[20][3]          mem_reg_20__3_
cmem            cell    mem_reg[20][2]          mem_reg_20__2_
cmem            cell    mem_reg[20][1]          mem_reg_20__1_
cmem            cell    mem_reg[20][0]          mem_reg_20__0_
cmem            cell    mem_reg[21][15]         mem_reg_21__15_
cmem            cell    mem_reg[21][14]         mem_reg_21__14_
cmem            cell    mem_reg[21][13]         mem_reg_21__13_
cmem            cell    mem_reg[21][12]         mem_reg_21__12_
cmem            cell    mem_reg[21][11]         mem_reg_21__11_
cmem            cell    mem_reg[21][10]         mem_reg_21__10_
cmem            cell    mem_reg[21][9]          mem_reg_21__9_
cmem            cell    mem_reg[21][8]          mem_reg_21__8_
cmem            cell    mem_reg[21][7]          mem_reg_21__7_
cmem            cell    mem_reg[21][6]          mem_reg_21__6_
cmem            cell    mem_reg[21][5]          mem_reg_21__5_
cmem            cell    mem_reg[21][4]          mem_reg_21__4_
cmem            cell    mem_reg[21][3]          mem_reg_21__3_
cmem            cell    mem_reg[21][2]          mem_reg_21__2_
cmem            cell    mem_reg[21][1]          mem_reg_21__1_
cmem            cell    mem_reg[21][0]          mem_reg_21__0_
cmem            cell    mem_reg[22][15]         mem_reg_22__15_
cmem            cell    mem_reg[22][14]         mem_reg_22__14_
cmem            cell    mem_reg[22][13]         mem_reg_22__13_
cmem            cell    mem_reg[22][12]         mem_reg_22__12_
cmem            cell    mem_reg[22][11]         mem_reg_22__11_
cmem            cell    mem_reg[22][10]         mem_reg_22__10_
cmem            cell    mem_reg[22][9]          mem_reg_22__9_
cmem            cell    mem_reg[22][8]          mem_reg_22__8_
cmem            cell    mem_reg[22][7]          mem_reg_22__7_
cmem            cell    mem_reg[22][6]          mem_reg_22__6_
cmem            cell    mem_reg[22][5]          mem_reg_22__5_
cmem            cell    mem_reg[22][4]          mem_reg_22__4_
cmem            cell    mem_reg[22][3]          mem_reg_22__3_
cmem            cell    mem_reg[22][2]          mem_reg_22__2_
cmem            cell    mem_reg[22][1]          mem_reg_22__1_
cmem            cell    mem_reg[22][0]          mem_reg_22__0_
cmem            cell    mem_reg[23][15]         mem_reg_23__15_
cmem            cell    mem_reg[23][14]         mem_reg_23__14_
cmem            cell    mem_reg[23][13]         mem_reg_23__13_
cmem            cell    mem_reg[23][12]         mem_reg_23__12_
cmem            cell    mem_reg[23][11]         mem_reg_23__11_
cmem            cell    mem_reg[23][10]         mem_reg_23__10_
cmem            cell    mem_reg[23][9]          mem_reg_23__9_
cmem            cell    mem_reg[23][8]          mem_reg_23__8_
cmem            cell    mem_reg[23][7]          mem_reg_23__7_
cmem            cell    mem_reg[23][6]          mem_reg_23__6_
cmem            cell    mem_reg[23][5]          mem_reg_23__5_
cmem            cell    mem_reg[23][4]          mem_reg_23__4_
cmem            cell    mem_reg[23][3]          mem_reg_23__3_
cmem            cell    mem_reg[23][2]          mem_reg_23__2_
cmem            cell    mem_reg[23][1]          mem_reg_23__1_
cmem            cell    mem_reg[23][0]          mem_reg_23__0_
cmem            cell    mem_reg[24][15]         mem_reg_24__15_
cmem            cell    mem_reg[24][14]         mem_reg_24__14_
cmem            cell    mem_reg[24][13]         mem_reg_24__13_
cmem            cell    mem_reg[24][12]         mem_reg_24__12_
cmem            cell    mem_reg[24][11]         mem_reg_24__11_
cmem            cell    mem_reg[24][10]         mem_reg_24__10_
cmem            cell    mem_reg[24][9]          mem_reg_24__9_
cmem            cell    mem_reg[24][8]          mem_reg_24__8_
cmem            cell    mem_reg[24][7]          mem_reg_24__7_
cmem            cell    mem_reg[24][6]          mem_reg_24__6_
cmem            cell    mem_reg[24][5]          mem_reg_24__5_
cmem            cell    mem_reg[24][4]          mem_reg_24__4_
cmem            cell    mem_reg[24][3]          mem_reg_24__3_
cmem            cell    mem_reg[24][2]          mem_reg_24__2_
cmem            cell    mem_reg[24][1]          mem_reg_24__1_
cmem            cell    mem_reg[24][0]          mem_reg_24__0_
cmem            cell    mem_reg[25][15]         mem_reg_25__15_
cmem            cell    mem_reg[25][14]         mem_reg_25__14_
cmem            cell    mem_reg[25][13]         mem_reg_25__13_
cmem            cell    mem_reg[25][12]         mem_reg_25__12_
cmem            cell    mem_reg[25][11]         mem_reg_25__11_
cmem            cell    mem_reg[25][10]         mem_reg_25__10_
cmem            cell    mem_reg[25][9]          mem_reg_25__9_
cmem            cell    mem_reg[25][8]          mem_reg_25__8_
cmem            cell    mem_reg[25][7]          mem_reg_25__7_
cmem            cell    mem_reg[25][6]          mem_reg_25__6_
cmem            cell    mem_reg[25][5]          mem_reg_25__5_
cmem            cell    mem_reg[25][4]          mem_reg_25__4_
cmem            cell    mem_reg[25][3]          mem_reg_25__3_
cmem            cell    mem_reg[25][2]          mem_reg_25__2_
cmem            cell    mem_reg[25][1]          mem_reg_25__1_
cmem            cell    mem_reg[25][0]          mem_reg_25__0_
cmem            cell    mem_reg[26][15]         mem_reg_26__15_
cmem            cell    mem_reg[26][14]         mem_reg_26__14_
cmem            cell    mem_reg[26][13]         mem_reg_26__13_
cmem            cell    mem_reg[26][12]         mem_reg_26__12_
cmem            cell    mem_reg[26][11]         mem_reg_26__11_
cmem            cell    mem_reg[26][10]         mem_reg_26__10_
cmem            cell    mem_reg[26][9]          mem_reg_26__9_
cmem            cell    mem_reg[26][8]          mem_reg_26__8_
cmem            cell    mem_reg[26][7]          mem_reg_26__7_
cmem            cell    mem_reg[26][6]          mem_reg_26__6_
cmem            cell    mem_reg[26][5]          mem_reg_26__5_
cmem            cell    mem_reg[26][4]          mem_reg_26__4_
cmem            cell    mem_reg[26][3]          mem_reg_26__3_
cmem            cell    mem_reg[26][2]          mem_reg_26__2_
cmem            cell    mem_reg[26][1]          mem_reg_26__1_
cmem            cell    mem_reg[26][0]          mem_reg_26__0_
cmem            cell    mem_reg[27][15]         mem_reg_27__15_
cmem            cell    mem_reg[27][14]         mem_reg_27__14_
cmem            cell    mem_reg[27][13]         mem_reg_27__13_
cmem            cell    mem_reg[27][12]         mem_reg_27__12_
cmem            cell    mem_reg[27][11]         mem_reg_27__11_
cmem            cell    mem_reg[27][10]         mem_reg_27__10_
cmem            cell    mem_reg[27][9]          mem_reg_27__9_
cmem            cell    mem_reg[27][8]          mem_reg_27__8_
cmem            cell    mem_reg[27][7]          mem_reg_27__7_
cmem            cell    mem_reg[27][6]          mem_reg_27__6_
cmem            cell    mem_reg[27][5]          mem_reg_27__5_
cmem            cell    mem_reg[27][4]          mem_reg_27__4_
cmem            cell    mem_reg[27][3]          mem_reg_27__3_
cmem            cell    mem_reg[27][2]          mem_reg_27__2_
cmem            cell    mem_reg[27][1]          mem_reg_27__1_
cmem            cell    mem_reg[27][0]          mem_reg_27__0_
cmem            cell    mem_reg[28][15]         mem_reg_28__15_
cmem            cell    mem_reg[28][14]         mem_reg_28__14_
cmem            cell    mem_reg[28][13]         mem_reg_28__13_
cmem            cell    mem_reg[28][12]         mem_reg_28__12_
cmem            cell    mem_reg[28][11]         mem_reg_28__11_
cmem            cell    mem_reg[28][10]         mem_reg_28__10_
cmem            cell    mem_reg[28][9]          mem_reg_28__9_
cmem            cell    mem_reg[28][8]          mem_reg_28__8_
cmem            cell    mem_reg[28][7]          mem_reg_28__7_
cmem            cell    mem_reg[28][6]          mem_reg_28__6_
cmem            cell    mem_reg[28][5]          mem_reg_28__5_
cmem            cell    mem_reg[28][4]          mem_reg_28__4_
cmem            cell    mem_reg[28][3]          mem_reg_28__3_
cmem            cell    mem_reg[28][2]          mem_reg_28__2_
cmem            cell    mem_reg[28][1]          mem_reg_28__1_
cmem            cell    mem_reg[28][0]          mem_reg_28__0_
cmem            cell    mem_reg[29][15]         mem_reg_29__15_
cmem            cell    mem_reg[29][14]         mem_reg_29__14_
cmem            cell    mem_reg[29][13]         mem_reg_29__13_
cmem            cell    mem_reg[29][12]         mem_reg_29__12_
cmem            cell    mem_reg[29][11]         mem_reg_29__11_
cmem            cell    mem_reg[29][10]         mem_reg_29__10_
cmem            cell    mem_reg[29][9]          mem_reg_29__9_
cmem            cell    mem_reg[29][8]          mem_reg_29__8_
cmem            cell    mem_reg[29][7]          mem_reg_29__7_
cmem            cell    mem_reg[29][6]          mem_reg_29__6_
cmem            cell    mem_reg[29][5]          mem_reg_29__5_
cmem            cell    mem_reg[29][4]          mem_reg_29__4_
cmem            cell    mem_reg[29][3]          mem_reg_29__3_
cmem            cell    mem_reg[29][2]          mem_reg_29__2_
cmem            cell    mem_reg[29][1]          mem_reg_29__1_
cmem            cell    mem_reg[29][0]          mem_reg_29__0_
cmem            cell    mem_reg[30][15]         mem_reg_30__15_
cmem            cell    mem_reg[30][14]         mem_reg_30__14_
cmem            cell    mem_reg[30][13]         mem_reg_30__13_
cmem            cell    mem_reg[30][12]         mem_reg_30__12_
cmem            cell    mem_reg[30][11]         mem_reg_30__11_
cmem            cell    mem_reg[30][10]         mem_reg_30__10_
cmem            cell    mem_reg[30][9]          mem_reg_30__9_
cmem            cell    mem_reg[30][8]          mem_reg_30__8_
cmem            cell    mem_reg[30][7]          mem_reg_30__7_
cmem            cell    mem_reg[30][6]          mem_reg_30__6_
cmem            cell    mem_reg[30][5]          mem_reg_30__5_
cmem            cell    mem_reg[30][4]          mem_reg_30__4_
cmem            cell    mem_reg[30][3]          mem_reg_30__3_
cmem            cell    mem_reg[30][2]          mem_reg_30__2_
cmem            cell    mem_reg[30][1]          mem_reg_30__1_
cmem            cell    mem_reg[30][0]          mem_reg_30__0_
cmem            cell    mem_reg[31][15]         mem_reg_31__15_
cmem            cell    mem_reg[31][14]         mem_reg_31__14_
cmem            cell    mem_reg[31][13]         mem_reg_31__13_
cmem            cell    mem_reg[31][12]         mem_reg_31__12_
cmem            cell    mem_reg[31][11]         mem_reg_31__11_
cmem            cell    mem_reg[31][10]         mem_reg_31__10_
cmem            cell    mem_reg[31][9]          mem_reg_31__9_
cmem            cell    mem_reg[31][8]          mem_reg_31__8_
cmem            cell    mem_reg[31][7]          mem_reg_31__7_
cmem            cell    mem_reg[31][6]          mem_reg_31__6_
cmem            cell    mem_reg[31][5]          mem_reg_31__5_
cmem            cell    mem_reg[31][4]          mem_reg_31__4_
cmem            cell    mem_reg[31][3]          mem_reg_31__3_
cmem            cell    mem_reg[31][2]          mem_reg_31__2_
cmem            cell    mem_reg[31][1]          mem_reg_31__1_
cmem            cell    mem_reg[31][0]          mem_reg_31__0_
cmem            cell    mem_reg[32][15]         mem_reg_32__15_
cmem            cell    mem_reg[32][14]         mem_reg_32__14_
cmem            cell    mem_reg[32][13]         mem_reg_32__13_
cmem            cell    mem_reg[32][12]         mem_reg_32__12_
cmem            cell    mem_reg[32][11]         mem_reg_32__11_
cmem            cell    mem_reg[32][10]         mem_reg_32__10_
cmem            cell    mem_reg[32][9]          mem_reg_32__9_
cmem            cell    mem_reg[32][8]          mem_reg_32__8_
cmem            cell    mem_reg[32][7]          mem_reg_32__7_
cmem            cell    mem_reg[32][6]          mem_reg_32__6_
cmem            cell    mem_reg[32][5]          mem_reg_32__5_
cmem            cell    mem_reg[32][4]          mem_reg_32__4_
cmem            cell    mem_reg[32][3]          mem_reg_32__3_
cmem            cell    mem_reg[32][2]          mem_reg_32__2_
cmem            cell    mem_reg[32][1]          mem_reg_32__1_
cmem            cell    mem_reg[32][0]          mem_reg_32__0_
cmem            cell    mem_reg[33][15]         mem_reg_33__15_
cmem            cell    mem_reg[33][14]         mem_reg_33__14_
cmem            cell    mem_reg[33][13]         mem_reg_33__13_
cmem            cell    mem_reg[33][12]         mem_reg_33__12_
cmem            cell    mem_reg[33][11]         mem_reg_33__11_
cmem            cell    mem_reg[33][10]         mem_reg_33__10_
cmem            cell    mem_reg[33][9]          mem_reg_33__9_
cmem            cell    mem_reg[33][8]          mem_reg_33__8_
cmem            cell    mem_reg[33][7]          mem_reg_33__7_
cmem            cell    mem_reg[33][6]          mem_reg_33__6_
cmem            cell    mem_reg[33][5]          mem_reg_33__5_
cmem            cell    mem_reg[33][4]          mem_reg_33__4_
cmem            cell    mem_reg[33][3]          mem_reg_33__3_
cmem            cell    mem_reg[33][2]          mem_reg_33__2_
cmem            cell    mem_reg[33][1]          mem_reg_33__1_
cmem            cell    mem_reg[33][0]          mem_reg_33__0_
cmem            cell    mem_reg[34][15]         mem_reg_34__15_
cmem            cell    mem_reg[34][14]         mem_reg_34__14_
cmem            cell    mem_reg[34][13]         mem_reg_34__13_
cmem            cell    mem_reg[34][12]         mem_reg_34__12_
cmem            cell    mem_reg[34][11]         mem_reg_34__11_
cmem            cell    mem_reg[34][10]         mem_reg_34__10_
cmem            cell    mem_reg[34][9]          mem_reg_34__9_
cmem            cell    mem_reg[34][8]          mem_reg_34__8_
cmem            cell    mem_reg[34][7]          mem_reg_34__7_
cmem            cell    mem_reg[34][6]          mem_reg_34__6_
cmem            cell    mem_reg[34][5]          mem_reg_34__5_
cmem            cell    mem_reg[34][4]          mem_reg_34__4_
cmem            cell    mem_reg[34][3]          mem_reg_34__3_
cmem            cell    mem_reg[34][2]          mem_reg_34__2_
cmem            cell    mem_reg[34][1]          mem_reg_34__1_
cmem            cell    mem_reg[34][0]          mem_reg_34__0_
cmem            cell    mem_reg[35][15]         mem_reg_35__15_
cmem            cell    mem_reg[35][14]         mem_reg_35__14_
cmem            cell    mem_reg[35][13]         mem_reg_35__13_
cmem            cell    mem_reg[35][12]         mem_reg_35__12_
cmem            cell    mem_reg[35][11]         mem_reg_35__11_
cmem            cell    mem_reg[35][10]         mem_reg_35__10_
cmem            cell    mem_reg[35][9]          mem_reg_35__9_
cmem            cell    mem_reg[35][8]          mem_reg_35__8_
cmem            cell    mem_reg[35][7]          mem_reg_35__7_
cmem            cell    mem_reg[35][6]          mem_reg_35__6_
cmem            cell    mem_reg[35][5]          mem_reg_35__5_
cmem            cell    mem_reg[35][4]          mem_reg_35__4_
cmem            cell    mem_reg[35][3]          mem_reg_35__3_
cmem            cell    mem_reg[35][2]          mem_reg_35__2_
cmem            cell    mem_reg[35][1]          mem_reg_35__1_
cmem            cell    mem_reg[35][0]          mem_reg_35__0_
cmem            cell    mem_reg[36][15]         mem_reg_36__15_
cmem            cell    mem_reg[36][14]         mem_reg_36__14_
cmem            cell    mem_reg[36][13]         mem_reg_36__13_
cmem            cell    mem_reg[36][12]         mem_reg_36__12_
cmem            cell    mem_reg[36][11]         mem_reg_36__11_
cmem            cell    mem_reg[36][10]         mem_reg_36__10_
cmem            cell    mem_reg[36][9]          mem_reg_36__9_
cmem            cell    mem_reg[36][8]          mem_reg_36__8_
cmem            cell    mem_reg[36][7]          mem_reg_36__7_
cmem            cell    mem_reg[36][6]          mem_reg_36__6_
cmem            cell    mem_reg[36][5]          mem_reg_36__5_
cmem            cell    mem_reg[36][4]          mem_reg_36__4_
cmem            cell    mem_reg[36][3]          mem_reg_36__3_
cmem            cell    mem_reg[36][2]          mem_reg_36__2_
cmem            cell    mem_reg[36][1]          mem_reg_36__1_
cmem            cell    mem_reg[36][0]          mem_reg_36__0_
cmem            cell    mem_reg[37][15]         mem_reg_37__15_
cmem            cell    mem_reg[37][14]         mem_reg_37__14_
cmem            cell    mem_reg[37][13]         mem_reg_37__13_
cmem            cell    mem_reg[37][12]         mem_reg_37__12_
cmem            cell    mem_reg[37][11]         mem_reg_37__11_
cmem            cell    mem_reg[37][10]         mem_reg_37__10_
cmem            cell    mem_reg[37][9]          mem_reg_37__9_
cmem            cell    mem_reg[37][8]          mem_reg_37__8_
cmem            cell    mem_reg[37][7]          mem_reg_37__7_
cmem            cell    mem_reg[37][6]          mem_reg_37__6_
cmem            cell    mem_reg[37][5]          mem_reg_37__5_
cmem            cell    mem_reg[37][4]          mem_reg_37__4_
cmem            cell    mem_reg[37][3]          mem_reg_37__3_
cmem            cell    mem_reg[37][2]          mem_reg_37__2_
cmem            cell    mem_reg[37][1]          mem_reg_37__1_
cmem            cell    mem_reg[37][0]          mem_reg_37__0_
cmem            cell    mem_reg[38][15]         mem_reg_38__15_
cmem            cell    mem_reg[38][14]         mem_reg_38__14_
cmem            cell    mem_reg[38][13]         mem_reg_38__13_
cmem            cell    mem_reg[38][12]         mem_reg_38__12_
cmem            cell    mem_reg[38][11]         mem_reg_38__11_
cmem            cell    mem_reg[38][10]         mem_reg_38__10_
cmem            cell    mem_reg[38][9]          mem_reg_38__9_
cmem            cell    mem_reg[38][8]          mem_reg_38__8_
cmem            cell    mem_reg[38][7]          mem_reg_38__7_
cmem            cell    mem_reg[38][6]          mem_reg_38__6_
cmem            cell    mem_reg[38][5]          mem_reg_38__5_
cmem            cell    mem_reg[38][4]          mem_reg_38__4_
cmem            cell    mem_reg[38][3]          mem_reg_38__3_
cmem            cell    mem_reg[38][2]          mem_reg_38__2_
cmem            cell    mem_reg[38][1]          mem_reg_38__1_
cmem            cell    mem_reg[38][0]          mem_reg_38__0_
cmem            cell    mem_reg[39][15]         mem_reg_39__15_
cmem            cell    mem_reg[39][14]         mem_reg_39__14_
cmem            cell    mem_reg[39][13]         mem_reg_39__13_
cmem            cell    mem_reg[39][12]         mem_reg_39__12_
cmem            cell    mem_reg[39][11]         mem_reg_39__11_
cmem            cell    mem_reg[39][10]         mem_reg_39__10_
cmem            cell    mem_reg[39][9]          mem_reg_39__9_
cmem            cell    mem_reg[39][8]          mem_reg_39__8_
cmem            cell    mem_reg[39][7]          mem_reg_39__7_
cmem            cell    mem_reg[39][6]          mem_reg_39__6_
cmem            cell    mem_reg[39][5]          mem_reg_39__5_
cmem            cell    mem_reg[39][4]          mem_reg_39__4_
cmem            cell    mem_reg[39][3]          mem_reg_39__3_
cmem            cell    mem_reg[39][2]          mem_reg_39__2_
cmem            cell    mem_reg[39][1]          mem_reg_39__1_
cmem            cell    mem_reg[39][0]          mem_reg_39__0_
cmem            cell    mem_reg[40][15]         mem_reg_40__15_
cmem            cell    mem_reg[40][14]         mem_reg_40__14_
cmem            cell    mem_reg[40][13]         mem_reg_40__13_
cmem            cell    mem_reg[40][12]         mem_reg_40__12_
cmem            cell    mem_reg[40][11]         mem_reg_40__11_
cmem            cell    mem_reg[40][10]         mem_reg_40__10_
cmem            cell    mem_reg[40][9]          mem_reg_40__9_
cmem            cell    mem_reg[40][8]          mem_reg_40__8_
cmem            cell    mem_reg[40][7]          mem_reg_40__7_
cmem            cell    mem_reg[40][6]          mem_reg_40__6_
cmem            cell    mem_reg[40][5]          mem_reg_40__5_
cmem            cell    mem_reg[40][4]          mem_reg_40__4_
cmem            cell    mem_reg[40][3]          mem_reg_40__3_
cmem            cell    mem_reg[40][2]          mem_reg_40__2_
cmem            cell    mem_reg[40][1]          mem_reg_40__1_
cmem            cell    mem_reg[40][0]          mem_reg_40__0_
cmem            cell    mem_reg[41][15]         mem_reg_41__15_
cmem            cell    mem_reg[41][14]         mem_reg_41__14_
cmem            cell    mem_reg[41][13]         mem_reg_41__13_
cmem            cell    mem_reg[41][12]         mem_reg_41__12_
cmem            cell    mem_reg[41][11]         mem_reg_41__11_
cmem            cell    mem_reg[41][10]         mem_reg_41__10_
cmem            cell    mem_reg[41][9]          mem_reg_41__9_
cmem            cell    mem_reg[41][8]          mem_reg_41__8_
cmem            cell    mem_reg[41][7]          mem_reg_41__7_
cmem            cell    mem_reg[41][6]          mem_reg_41__6_
cmem            cell    mem_reg[41][5]          mem_reg_41__5_
cmem            cell    mem_reg[41][4]          mem_reg_41__4_
cmem            cell    mem_reg[41][3]          mem_reg_41__3_
cmem            cell    mem_reg[41][2]          mem_reg_41__2_
cmem            cell    mem_reg[41][1]          mem_reg_41__1_
cmem            cell    mem_reg[41][0]          mem_reg_41__0_
cmem            cell    mem_reg[42][15]         mem_reg_42__15_
cmem            cell    mem_reg[42][14]         mem_reg_42__14_
cmem            cell    mem_reg[42][13]         mem_reg_42__13_
cmem            cell    mem_reg[42][12]         mem_reg_42__12_
cmem            cell    mem_reg[42][11]         mem_reg_42__11_
cmem            cell    mem_reg[42][10]         mem_reg_42__10_
cmem            cell    mem_reg[42][9]          mem_reg_42__9_
cmem            cell    mem_reg[42][8]          mem_reg_42__8_
cmem            cell    mem_reg[42][7]          mem_reg_42__7_
cmem            cell    mem_reg[42][6]          mem_reg_42__6_
cmem            cell    mem_reg[42][5]          mem_reg_42__5_
cmem            cell    mem_reg[42][4]          mem_reg_42__4_
cmem            cell    mem_reg[42][3]          mem_reg_42__3_
cmem            cell    mem_reg[42][2]          mem_reg_42__2_
cmem            cell    mem_reg[42][1]          mem_reg_42__1_
cmem            cell    mem_reg[42][0]          mem_reg_42__0_
cmem            cell    mem_reg[43][15]         mem_reg_43__15_
cmem            cell    mem_reg[43][14]         mem_reg_43__14_
cmem            cell    mem_reg[43][13]         mem_reg_43__13_
cmem            cell    mem_reg[43][12]         mem_reg_43__12_
cmem            cell    mem_reg[43][11]         mem_reg_43__11_
cmem            cell    mem_reg[43][10]         mem_reg_43__10_
cmem            cell    mem_reg[43][9]          mem_reg_43__9_
cmem            cell    mem_reg[43][8]          mem_reg_43__8_
cmem            cell    mem_reg[43][7]          mem_reg_43__7_
cmem            cell    mem_reg[43][6]          mem_reg_43__6_
cmem            cell    mem_reg[43][5]          mem_reg_43__5_
cmem            cell    mem_reg[43][4]          mem_reg_43__4_
cmem            cell    mem_reg[43][3]          mem_reg_43__3_
cmem            cell    mem_reg[43][2]          mem_reg_43__2_
cmem            cell    mem_reg[43][1]          mem_reg_43__1_
cmem            cell    mem_reg[43][0]          mem_reg_43__0_
cmem            cell    mem_reg[44][15]         mem_reg_44__15_
cmem            cell    mem_reg[44][14]         mem_reg_44__14_
cmem            cell    mem_reg[44][13]         mem_reg_44__13_
cmem            cell    mem_reg[44][12]         mem_reg_44__12_
cmem            cell    mem_reg[44][11]         mem_reg_44__11_
cmem            cell    mem_reg[44][10]         mem_reg_44__10_
cmem            cell    mem_reg[44][9]          mem_reg_44__9_
cmem            cell    mem_reg[44][8]          mem_reg_44__8_
cmem            cell    mem_reg[44][7]          mem_reg_44__7_
cmem            cell    mem_reg[44][6]          mem_reg_44__6_
cmem            cell    mem_reg[44][5]          mem_reg_44__5_
cmem            cell    mem_reg[44][4]          mem_reg_44__4_
cmem            cell    mem_reg[44][3]          mem_reg_44__3_
cmem            cell    mem_reg[44][2]          mem_reg_44__2_
cmem            cell    mem_reg[44][1]          mem_reg_44__1_
cmem            cell    mem_reg[44][0]          mem_reg_44__0_
cmem            cell    mem_reg[45][15]         mem_reg_45__15_
cmem            cell    mem_reg[45][14]         mem_reg_45__14_
cmem            cell    mem_reg[45][13]         mem_reg_45__13_
cmem            cell    mem_reg[45][12]         mem_reg_45__12_
cmem            cell    mem_reg[45][11]         mem_reg_45__11_
cmem            cell    mem_reg[45][10]         mem_reg_45__10_
cmem            cell    mem_reg[45][9]          mem_reg_45__9_
cmem            cell    mem_reg[45][8]          mem_reg_45__8_
cmem            cell    mem_reg[45][7]          mem_reg_45__7_
cmem            cell    mem_reg[45][6]          mem_reg_45__6_
cmem            cell    mem_reg[45][5]          mem_reg_45__5_
cmem            cell    mem_reg[45][4]          mem_reg_45__4_
cmem            cell    mem_reg[45][3]          mem_reg_45__3_
cmem            cell    mem_reg[45][2]          mem_reg_45__2_
cmem            cell    mem_reg[45][1]          mem_reg_45__1_
cmem            cell    mem_reg[45][0]          mem_reg_45__0_
cmem            cell    mem_reg[46][15]         mem_reg_46__15_
cmem            cell    mem_reg[46][14]         mem_reg_46__14_
cmem            cell    mem_reg[46][13]         mem_reg_46__13_
cmem            cell    mem_reg[46][12]         mem_reg_46__12_
cmem            cell    mem_reg[46][11]         mem_reg_46__11_
cmem            cell    mem_reg[46][10]         mem_reg_46__10_
cmem            cell    mem_reg[46][9]          mem_reg_46__9_
cmem            cell    mem_reg[46][8]          mem_reg_46__8_
cmem            cell    mem_reg[46][7]          mem_reg_46__7_
cmem            cell    mem_reg[46][6]          mem_reg_46__6_
cmem            cell    mem_reg[46][5]          mem_reg_46__5_
cmem            cell    mem_reg[46][4]          mem_reg_46__4_
cmem            cell    mem_reg[46][3]          mem_reg_46__3_
cmem            cell    mem_reg[46][2]          mem_reg_46__2_
cmem            cell    mem_reg[46][1]          mem_reg_46__1_
cmem            cell    mem_reg[46][0]          mem_reg_46__0_
cmem            cell    mem_reg[47][15]         mem_reg_47__15_
cmem            cell    mem_reg[47][14]         mem_reg_47__14_
cmem            cell    mem_reg[47][13]         mem_reg_47__13_
cmem            cell    mem_reg[47][12]         mem_reg_47__12_
cmem            cell    mem_reg[47][11]         mem_reg_47__11_
cmem            cell    mem_reg[47][10]         mem_reg_47__10_
cmem            cell    mem_reg[47][9]          mem_reg_47__9_
cmem            cell    mem_reg[47][8]          mem_reg_47__8_
cmem            cell    mem_reg[47][7]          mem_reg_47__7_
cmem            cell    mem_reg[47][6]          mem_reg_47__6_
cmem            cell    mem_reg[47][5]          mem_reg_47__5_
cmem            cell    mem_reg[47][4]          mem_reg_47__4_
cmem            cell    mem_reg[47][3]          mem_reg_47__3_
cmem            cell    mem_reg[47][2]          mem_reg_47__2_
cmem            cell    mem_reg[47][1]          mem_reg_47__1_
cmem            cell    mem_reg[47][0]          mem_reg_47__0_
cmem            cell    mem_reg[48][15]         mem_reg_48__15_
cmem            cell    mem_reg[48][14]         mem_reg_48__14_
cmem            cell    mem_reg[48][13]         mem_reg_48__13_
cmem            cell    mem_reg[48][12]         mem_reg_48__12_
cmem            cell    mem_reg[48][11]         mem_reg_48__11_
cmem            cell    mem_reg[48][10]         mem_reg_48__10_
cmem            cell    mem_reg[48][9]          mem_reg_48__9_
cmem            cell    mem_reg[48][8]          mem_reg_48__8_
cmem            cell    mem_reg[48][7]          mem_reg_48__7_
cmem            cell    mem_reg[48][6]          mem_reg_48__6_
cmem            cell    mem_reg[48][5]          mem_reg_48__5_
cmem            cell    mem_reg[48][4]          mem_reg_48__4_
cmem            cell    mem_reg[48][3]          mem_reg_48__3_
cmem            cell    mem_reg[48][2]          mem_reg_48__2_
cmem            cell    mem_reg[48][1]          mem_reg_48__1_
cmem            cell    mem_reg[48][0]          mem_reg_48__0_
cmem            cell    mem_reg[49][15]         mem_reg_49__15_
cmem            cell    mem_reg[49][14]         mem_reg_49__14_
cmem            cell    mem_reg[49][13]         mem_reg_49__13_
cmem            cell    mem_reg[49][12]         mem_reg_49__12_
cmem            cell    mem_reg[49][11]         mem_reg_49__11_
cmem            cell    mem_reg[49][10]         mem_reg_49__10_
cmem            cell    mem_reg[49][9]          mem_reg_49__9_
cmem            cell    mem_reg[49][8]          mem_reg_49__8_
cmem            cell    mem_reg[49][7]          mem_reg_49__7_
cmem            cell    mem_reg[49][6]          mem_reg_49__6_
cmem            cell    mem_reg[49][5]          mem_reg_49__5_
cmem            cell    mem_reg[49][4]          mem_reg_49__4_
cmem            cell    mem_reg[49][3]          mem_reg_49__3_
cmem            cell    mem_reg[49][2]          mem_reg_49__2_
cmem            cell    mem_reg[49][1]          mem_reg_49__1_
cmem            cell    mem_reg[49][0]          mem_reg_49__0_
cmem            cell    mem_reg[50][15]         mem_reg_50__15_
cmem            cell    mem_reg[50][14]         mem_reg_50__14_
cmem            cell    mem_reg[50][13]         mem_reg_50__13_
cmem            cell    mem_reg[50][12]         mem_reg_50__12_
cmem            cell    mem_reg[50][11]         mem_reg_50__11_
cmem            cell    mem_reg[50][10]         mem_reg_50__10_
cmem            cell    mem_reg[50][9]          mem_reg_50__9_
cmem            cell    mem_reg[50][8]          mem_reg_50__8_
cmem            cell    mem_reg[50][7]          mem_reg_50__7_
cmem            cell    mem_reg[50][6]          mem_reg_50__6_
cmem            cell    mem_reg[50][5]          mem_reg_50__5_
cmem            cell    mem_reg[50][4]          mem_reg_50__4_
cmem            cell    mem_reg[50][3]          mem_reg_50__3_
cmem            cell    mem_reg[50][2]          mem_reg_50__2_
cmem            cell    mem_reg[50][1]          mem_reg_50__1_
cmem            cell    mem_reg[50][0]          mem_reg_50__0_
cmem            cell    mem_reg[51][15]         mem_reg_51__15_
cmem            cell    mem_reg[51][14]         mem_reg_51__14_
cmem            cell    mem_reg[51][13]         mem_reg_51__13_
cmem            cell    mem_reg[51][12]         mem_reg_51__12_
cmem            cell    mem_reg[51][11]         mem_reg_51__11_
cmem            cell    mem_reg[51][10]         mem_reg_51__10_
cmem            cell    mem_reg[51][9]          mem_reg_51__9_
cmem            cell    mem_reg[51][8]          mem_reg_51__8_
cmem            cell    mem_reg[51][7]          mem_reg_51__7_
cmem            cell    mem_reg[51][6]          mem_reg_51__6_
cmem            cell    mem_reg[51][5]          mem_reg_51__5_
cmem            cell    mem_reg[51][4]          mem_reg_51__4_
cmem            cell    mem_reg[51][3]          mem_reg_51__3_
cmem            cell    mem_reg[51][2]          mem_reg_51__2_
cmem            cell    mem_reg[51][1]          mem_reg_51__1_
cmem            cell    mem_reg[51][0]          mem_reg_51__0_
cmem            cell    mem_reg[52][15]         mem_reg_52__15_
cmem            cell    mem_reg[52][14]         mem_reg_52__14_
cmem            cell    mem_reg[52][13]         mem_reg_52__13_
cmem            cell    mem_reg[52][12]         mem_reg_52__12_
cmem            cell    mem_reg[52][11]         mem_reg_52__11_
cmem            cell    mem_reg[52][10]         mem_reg_52__10_
cmem            cell    mem_reg[52][9]          mem_reg_52__9_
cmem            cell    mem_reg[52][8]          mem_reg_52__8_
cmem            cell    mem_reg[52][7]          mem_reg_52__7_
cmem            cell    mem_reg[52][6]          mem_reg_52__6_
cmem            cell    mem_reg[52][5]          mem_reg_52__5_
cmem            cell    mem_reg[52][4]          mem_reg_52__4_
cmem            cell    mem_reg[52][3]          mem_reg_52__3_
cmem            cell    mem_reg[52][2]          mem_reg_52__2_
cmem            cell    mem_reg[52][1]          mem_reg_52__1_
cmem            cell    mem_reg[52][0]          mem_reg_52__0_
cmem            cell    mem_reg[53][15]         mem_reg_53__15_
cmem            cell    mem_reg[53][14]         mem_reg_53__14_
cmem            cell    mem_reg[53][13]         mem_reg_53__13_
cmem            cell    mem_reg[53][12]         mem_reg_53__12_
cmem            cell    mem_reg[53][11]         mem_reg_53__11_
cmem            cell    mem_reg[53][10]         mem_reg_53__10_
cmem            cell    mem_reg[53][9]          mem_reg_53__9_
cmem            cell    mem_reg[53][8]          mem_reg_53__8_
cmem            cell    mem_reg[53][7]          mem_reg_53__7_
cmem            cell    mem_reg[53][6]          mem_reg_53__6_
cmem            cell    mem_reg[53][5]          mem_reg_53__5_
cmem            cell    mem_reg[53][4]          mem_reg_53__4_
cmem            cell    mem_reg[53][3]          mem_reg_53__3_
cmem            cell    mem_reg[53][2]          mem_reg_53__2_
cmem            cell    mem_reg[53][1]          mem_reg_53__1_
cmem            cell    mem_reg[53][0]          mem_reg_53__0_
cmem            cell    mem_reg[54][15]         mem_reg_54__15_
cmem            cell    mem_reg[54][14]         mem_reg_54__14_
cmem            cell    mem_reg[54][13]         mem_reg_54__13_
cmem            cell    mem_reg[54][12]         mem_reg_54__12_
cmem            cell    mem_reg[54][11]         mem_reg_54__11_
cmem            cell    mem_reg[54][10]         mem_reg_54__10_
cmem            cell    mem_reg[54][9]          mem_reg_54__9_
cmem            cell    mem_reg[54][8]          mem_reg_54__8_
cmem            cell    mem_reg[54][7]          mem_reg_54__7_
cmem            cell    mem_reg[54][6]          mem_reg_54__6_
cmem            cell    mem_reg[54][5]          mem_reg_54__5_
cmem            cell    mem_reg[54][4]          mem_reg_54__4_
cmem            cell    mem_reg[54][3]          mem_reg_54__3_
cmem            cell    mem_reg[54][2]          mem_reg_54__2_
cmem            cell    mem_reg[54][1]          mem_reg_54__1_
cmem            cell    mem_reg[54][0]          mem_reg_54__0_
cmem            cell    mem_reg[55][15]         mem_reg_55__15_
cmem            cell    mem_reg[55][14]         mem_reg_55__14_
cmem            cell    mem_reg[55][13]         mem_reg_55__13_
cmem            cell    mem_reg[55][12]         mem_reg_55__12_
cmem            cell    mem_reg[55][11]         mem_reg_55__11_
cmem            cell    mem_reg[55][10]         mem_reg_55__10_
cmem            cell    mem_reg[55][9]          mem_reg_55__9_
cmem            cell    mem_reg[55][8]          mem_reg_55__8_
cmem            cell    mem_reg[55][7]          mem_reg_55__7_
cmem            cell    mem_reg[55][6]          mem_reg_55__6_
cmem            cell    mem_reg[55][5]          mem_reg_55__5_
cmem            cell    mem_reg[55][4]          mem_reg_55__4_
cmem            cell    mem_reg[55][3]          mem_reg_55__3_
cmem            cell    mem_reg[55][2]          mem_reg_55__2_
cmem            cell    mem_reg[55][1]          mem_reg_55__1_
cmem            cell    mem_reg[55][0]          mem_reg_55__0_
cmem            cell    mem_reg[56][15]         mem_reg_56__15_
cmem            cell    mem_reg[56][14]         mem_reg_56__14_
cmem            cell    mem_reg[56][13]         mem_reg_56__13_
cmem            cell    mem_reg[56][12]         mem_reg_56__12_
cmem            cell    mem_reg[56][11]         mem_reg_56__11_
cmem            cell    mem_reg[56][10]         mem_reg_56__10_
cmem            cell    mem_reg[56][9]          mem_reg_56__9_
cmem            cell    mem_reg[56][8]          mem_reg_56__8_
cmem            cell    mem_reg[56][7]          mem_reg_56__7_
cmem            cell    mem_reg[56][6]          mem_reg_56__6_
cmem            cell    mem_reg[56][5]          mem_reg_56__5_
cmem            cell    mem_reg[56][4]          mem_reg_56__4_
cmem            cell    mem_reg[56][3]          mem_reg_56__3_
cmem            cell    mem_reg[56][2]          mem_reg_56__2_
cmem            cell    mem_reg[56][1]          mem_reg_56__1_
cmem            cell    mem_reg[56][0]          mem_reg_56__0_
cmem            cell    mem_reg[57][15]         mem_reg_57__15_
cmem            cell    mem_reg[57][14]         mem_reg_57__14_
cmem            cell    mem_reg[57][13]         mem_reg_57__13_
cmem            cell    mem_reg[57][12]         mem_reg_57__12_
cmem            cell    mem_reg[57][11]         mem_reg_57__11_
cmem            cell    mem_reg[57][10]         mem_reg_57__10_
cmem            cell    mem_reg[57][9]          mem_reg_57__9_
cmem            cell    mem_reg[57][8]          mem_reg_57__8_
cmem            cell    mem_reg[57][7]          mem_reg_57__7_
cmem            cell    mem_reg[57][6]          mem_reg_57__6_
cmem            cell    mem_reg[57][5]          mem_reg_57__5_
cmem            cell    mem_reg[57][4]          mem_reg_57__4_
cmem            cell    mem_reg[57][3]          mem_reg_57__3_
cmem            cell    mem_reg[57][2]          mem_reg_57__2_
cmem            cell    mem_reg[57][1]          mem_reg_57__1_
cmem            cell    mem_reg[57][0]          mem_reg_57__0_
cmem            cell    mem_reg[58][15]         mem_reg_58__15_
cmem            cell    mem_reg[58][14]         mem_reg_58__14_
cmem            cell    mem_reg[58][13]         mem_reg_58__13_
cmem            cell    mem_reg[58][12]         mem_reg_58__12_
cmem            cell    mem_reg[58][11]         mem_reg_58__11_
cmem            cell    mem_reg[58][10]         mem_reg_58__10_
cmem            cell    mem_reg[58][9]          mem_reg_58__9_
cmem            cell    mem_reg[58][8]          mem_reg_58__8_
cmem            cell    mem_reg[58][7]          mem_reg_58__7_
cmem            cell    mem_reg[58][6]          mem_reg_58__6_
cmem            cell    mem_reg[58][5]          mem_reg_58__5_
cmem            cell    mem_reg[58][4]          mem_reg_58__4_
cmem            cell    mem_reg[58][3]          mem_reg_58__3_
cmem            cell    mem_reg[58][2]          mem_reg_58__2_
cmem            cell    mem_reg[58][1]          mem_reg_58__1_
cmem            cell    mem_reg[58][0]          mem_reg_58__0_
cmem            cell    mem_reg[59][15]         mem_reg_59__15_
cmem            cell    mem_reg[59][14]         mem_reg_59__14_
cmem            cell    mem_reg[59][13]         mem_reg_59__13_
cmem            cell    mem_reg[59][12]         mem_reg_59__12_
cmem            cell    mem_reg[59][11]         mem_reg_59__11_
cmem            cell    mem_reg[59][10]         mem_reg_59__10_
cmem            cell    mem_reg[59][9]          mem_reg_59__9_
cmem            cell    mem_reg[59][8]          mem_reg_59__8_
cmem            cell    mem_reg[59][7]          mem_reg_59__7_
cmem            cell    mem_reg[59][6]          mem_reg_59__6_
cmem            cell    mem_reg[59][5]          mem_reg_59__5_
cmem            cell    mem_reg[59][4]          mem_reg_59__4_
cmem            cell    mem_reg[59][3]          mem_reg_59__3_
cmem            cell    mem_reg[59][2]          mem_reg_59__2_
cmem            cell    mem_reg[59][1]          mem_reg_59__1_
cmem            cell    mem_reg[59][0]          mem_reg_59__0_
cmem            cell    mem_reg[60][15]         mem_reg_60__15_
cmem            cell    mem_reg[60][14]         mem_reg_60__14_
cmem            cell    mem_reg[60][13]         mem_reg_60__13_
cmem            cell    mem_reg[60][12]         mem_reg_60__12_
cmem            cell    mem_reg[60][11]         mem_reg_60__11_
cmem            cell    mem_reg[60][10]         mem_reg_60__10_
cmem            cell    mem_reg[60][9]          mem_reg_60__9_
cmem            cell    mem_reg[60][8]          mem_reg_60__8_
cmem            cell    mem_reg[60][7]          mem_reg_60__7_
cmem            cell    mem_reg[60][6]          mem_reg_60__6_
cmem            cell    mem_reg[60][5]          mem_reg_60__5_
cmem            cell    mem_reg[60][4]          mem_reg_60__4_
cmem            cell    mem_reg[60][3]          mem_reg_60__3_
cmem            cell    mem_reg[60][2]          mem_reg_60__2_
cmem            cell    mem_reg[60][1]          mem_reg_60__1_
cmem            cell    mem_reg[60][0]          mem_reg_60__0_
cmem            cell    mem_reg[61][15]         mem_reg_61__15_
cmem            cell    mem_reg[61][14]         mem_reg_61__14_
cmem            cell    mem_reg[61][13]         mem_reg_61__13_
cmem            cell    mem_reg[61][12]         mem_reg_61__12_
cmem            cell    mem_reg[61][11]         mem_reg_61__11_
cmem            cell    mem_reg[61][10]         mem_reg_61__10_
cmem            cell    mem_reg[61][9]          mem_reg_61__9_
cmem            cell    mem_reg[61][8]          mem_reg_61__8_
cmem            cell    mem_reg[61][7]          mem_reg_61__7_
cmem            cell    mem_reg[61][6]          mem_reg_61__6_
cmem            cell    mem_reg[61][5]          mem_reg_61__5_
cmem            cell    mem_reg[61][4]          mem_reg_61__4_
cmem            cell    mem_reg[61][3]          mem_reg_61__3_
cmem            cell    mem_reg[61][2]          mem_reg_61__2_
cmem            cell    mem_reg[61][1]          mem_reg_61__1_
cmem            cell    mem_reg[61][0]          mem_reg_61__0_
cmem            cell    mem_reg[62][15]         mem_reg_62__15_
cmem            cell    mem_reg[62][14]         mem_reg_62__14_
cmem            cell    mem_reg[62][13]         mem_reg_62__13_
cmem            cell    mem_reg[62][12]         mem_reg_62__12_
cmem            cell    mem_reg[62][11]         mem_reg_62__11_
cmem            cell    mem_reg[62][10]         mem_reg_62__10_
cmem            cell    mem_reg[62][9]          mem_reg_62__9_
cmem            cell    mem_reg[62][8]          mem_reg_62__8_
cmem            cell    mem_reg[62][7]          mem_reg_62__7_
cmem            cell    mem_reg[62][6]          mem_reg_62__6_
cmem            cell    mem_reg[62][5]          mem_reg_62__5_
cmem            cell    mem_reg[62][4]          mem_reg_62__4_
cmem            cell    mem_reg[62][3]          mem_reg_62__3_
cmem            cell    mem_reg[62][2]          mem_reg_62__2_
cmem            cell    mem_reg[62][1]          mem_reg_62__1_
cmem            cell    mem_reg[62][0]          mem_reg_62__0_
cmem            cell    mem_reg[63][15]         mem_reg_63__15_
cmem            cell    mem_reg[63][14]         mem_reg_63__14_
cmem            cell    mem_reg[63][13]         mem_reg_63__13_
cmem            cell    mem_reg[63][12]         mem_reg_63__12_
cmem            cell    mem_reg[63][11]         mem_reg_63__11_
cmem            cell    mem_reg[63][10]         mem_reg_63__10_
cmem            cell    mem_reg[63][9]          mem_reg_63__9_
cmem            cell    mem_reg[63][8]          mem_reg_63__8_
cmem            cell    mem_reg[63][7]          mem_reg_63__7_
cmem            cell    mem_reg[63][6]          mem_reg_63__6_
cmem            cell    mem_reg[63][5]          mem_reg_63__5_
cmem            cell    mem_reg[63][4]          mem_reg_63__4_
cmem            cell    mem_reg[63][3]          mem_reg_63__3_
cmem            cell    mem_reg[63][2]          mem_reg_63__2_
cmem            cell    mem_reg[63][1]          mem_reg_63__1_
cmem            cell    mem_reg[63][0]          mem_reg_63__0_
cmem            cell    cout_reg[15]            cout_reg_15_
cmem            cell    cout_reg[14]            cout_reg_14_
cmem            cell    cout_reg[13]            cout_reg_13_
cmem            cell    cout_reg[12]            cout_reg_12_
cmem            cell    cout_reg[11]            cout_reg_11_
cmem            cell    cout_reg[10]            cout_reg_10_
cmem            cell    cout_reg[9]             cout_reg_9_
cmem            cell    cout_reg[8]             cout_reg_8_
cmem            cell    cout_reg[7]             cout_reg_7_
cmem            cell    cout_reg[6]             cout_reg_6_
cmem            cell    cout_reg[4]             cout_reg_4_
cmem            cell    cout_reg[3]             cout_reg_3_
cmem            cell    cout_reg[2]             cout_reg_2_
cmem            cell    cout_reg[1]             cout_reg_1_
cmem            cell    cout_reg[5]             cout_reg_5_
cmem            cell    cout_reg[0]             cout_reg_0_
1
1
set verilogout_no_tri TRUE
TRUE
write -hierarchy -format verilog -output "${top_level}.nl.v"
Writing verilog file '/homes/user/stud/fall25/aw3741/CSEE4832/FIR/dc/fir_cmem/fir_cmem.nl.v'.
1
#write_sdf -context verilog "${top_level}.temp.sdf"
write_sdc "${top_level}.syn.sdc" -version 1.7
1
write_sdf "${top_level}.syn.sdf"
Information: Annotated 'cell' delays are assumed to include load delay. (UID-282)
Information: Writing timing information to file '/homes/user/stud/fall25/aw3741/CSEE4832/FIR/dc/fir_cmem/fir_cmem.syn.sdf'. (WT-3)
Information: Updating design information... (UID-85)
Warning: Design 'cmem' contains 1 high-fanout nets. A fanout number of 1000 will be used for delay calculations involving these nets. (TIM-134)
1
# Generate report file
set maxpaths 20
20
set rpt_file "${top_level}.dc.rpt"
fir_cmem.dc.rpt
check_design > $rpt_file
report_area  >> ${rpt_file}
report_power -hier -analysis_effort medium >> ${rpt_file}
report_design >> ${rpt_file}
report_cell >> ${rpt_file}
report_port -verbose >> ${rpt_file}
report_compile_options >> ${rpt_file}
report_constraint -all_violators -verbose >> ${rpt_file}
report_timing -path full -delay max -max_paths $maxpaths -nworst 100 >> ${rpt_file}
report_timing -delay max -nworst 1 -max_paths 10000 -path end -nosplit -unique -sort_by slack > ${top_level}.syn.critical_regs
report_timing -delay max -nworst 1 -max_paths 10000 -path full -nosplit -unique -sort_by slack > ${top_level}.syn.critical_regs.full
report_timing -delay max -nworst 1 -max_paths 10000 -path end -nosplit -unique -sort_by slack -to [all_outputs] > ${top_level}.syn.critical_regs.output
report_timing -delay max -nworst 1 -max_paths 10000 -path end -nosplit -unique -sort_by slack -to [all_registers -data_pins] > ${top_level}.syn.critical_regs.regs
report_timing -delay min -nworst 1 -max_paths 10000 -path short -nosplit -unique -sort_by slack > ${top_level}.syn.fast_path
quit

Memory usage for this session 263 Mbytes.
Memory usage for this session including child processes 263 Mbytes.
CPU usage for this session 125 seconds ( 0.03 hours ).
Elapsed time for this session 130 seconds ( 0.04 hours ).

Thank you...
