****************************************
Report : design
Design : cmem
Version: U-2022.12-SP5
Date   : Sun Nov 23 15:32:53 2025
****************************************

Design Attribute                         Value
---------------------------------------------------------------------------
Operating Conditions:
  analysis_type                          on_chip_variation
  operating_condition_min_name           tt_1p2v_25c
  process_min                            1
  temperature_min                        25
  voltage_min                            1.2
  tree_type_min                          balanced_case

  operating_condition_max_name           tt_1p2v_25c
  process_max                            1
  temperature_max                        25
  voltage_max                            1.2
  tree_type_max                          balanced_case

Wire Load:                               (use report_wire_load for more information)
  wire_load_mode                         top
  wire_load_model_max                    --
  wire_load_model_min                    --
  wire_load_selection_group_max          --
  wire_load_selection_group_min          --
  wire_load_min_block_size               0

Design Rules:
  max_capacitance                        --
  min_capacitance                        --
  max_fanout                             --
  max_transition                         --
  static_integrity                       --
  dynamic_integrity                      --
  max_coupled_transition                 --
  max_area                               --

Timing Ranges:
  early_factor                           --
  late_factor                            --

Pin Input Delays:
None specified.

Pin Output Delays:
None specified.
Fast Analysis:                           disabled

1
****************************************
Report : reference
Design : cmem
Version: U-2022.12-SP5
Date   : Sun Nov 23 15:32:53 2025
****************************************


Attributes:
    b - black-box (unknown)
    h - hierarchical
    n - noncombinational
    u - contains unmapped logic
    A - abstracted timing model
    E - extracted timing model
    S - Stamp timing model
    Q - Quick timing model (QTM)

Reference          Library       Unit Area   Count    Total Area   Attributes
--------------------------------------------------------------------------------
AND3X1TS           scx3_cmos8rf_lpvt_tt_1p2v_25c
                                    8.64     1           8.64      
AO22XLTS           scx3_cmos8rf_lpvt_tt_1p2v_25c
                                   10.08     1040     10483.20     
AOI22X1TS          scx3_cmos8rf_lpvt_tt_1p2v_25c
                                    8.64     528      4561.92      
CLKBUFX2TS         scx3_cmos8rf_lpvt_tt_1p2v_25c
                                    5.76     48        276.48      
DFFQX1TS           scx3_cmos8rf_lpvt_tt_1p2v_25c
                                   24.48     1024     25067.52     n
DFFRX1TS           scx3_cmos8rf_lpvt_tt_1p2v_25c
                                   33.12     1          33.12      n
DFFRX2TS           scx3_cmos8rf_lpvt_tt_1p2v_25c
                                   33.12     11        364.32      n
DFFRXLTS           scx3_cmos8rf_lpvt_tt_1p2v_25c
                                   33.12     4         132.48      n
INVX2TS            scx3_cmos8rf_lpvt_tt_1p2v_25c
                                    4.32     75        324.00      
NAND2BXLTS         scx3_cmos8rf_lpvt_tt_1p2v_25c
                                    7.20     2          14.40      
NAND2X1TS          scx3_cmos8rf_lpvt_tt_1p2v_25c
                                    5.76     2          11.52      
NAND3BXLTS         scx3_cmos8rf_lpvt_tt_1p2v_25c
                                    8.64     1           8.64      
NAND3X1TS          scx3_cmos8rf_lpvt_tt_1p2v_25c
                                    7.20     16        115.20      
NAND3XLTS          scx3_cmos8rf_lpvt_tt_1p2v_25c
                                    7.20     7          50.40      
NAND4XLTS          scx3_cmos8rf_lpvt_tt_1p2v_25c
                                    8.64     128      1105.92      
NOR2X1TS           scx3_cmos8rf_lpvt_tt_1p2v_25c
                                    5.76     83        478.08      
NOR2X4TS           scx3_cmos8rf_lpvt_tt_1p2v_25c
                                   11.52     13        149.76      
NOR2XLTS           scx3_cmos8rf_lpvt_tt_1p2v_25c
                                    5.76     1           5.76      
NOR4XLTS           scx3_cmos8rf_lpvt_tt_1p2v_25c
                                    8.64     32        276.48      
OR2X1TS            scx3_cmos8rf_lpvt_tt_1p2v_25c
                                    7.20     1           7.20      
--------------------------------------------------------------------------------
Total 20 references                                   43475.04
1
****************************************
Report : constraint
Design : cmem
Version: U-2022.12-SP5
Date   : Sun Nov 23 15:32:53 2025
****************************************

                                                   Weighted
    Group (max_delay/setup)      Cost     Weight     Cost
    -----------------------------------------------------
    clk2                         0.00      1.00      0.00
    -----------------------------------------------------
    max_delay/setup                                  0.00

                                                   Weighted
    Group (min_delay/hold)       Cost     Weight     Cost
    -----------------------------------------------------
    clk2                         0.00      1.00      0.00
    -----------------------------------------------------
    min_delay/hold                                   0.00

    Constraint                                       Cost
    -----------------------------------------------------
    max_delay/setup                                  0.00  (MET)
    min_delay/hold                                   0.00  (MET)
    sequential_clock_pulse_width                     0.00  (MET)
    sequential_clock_min_period                      0.00  (MET)
    max_capacitance                                  0.00  (MET)
    max_transition                                   0.00  (MET)

1
****************************************
Report : constraint
	-all_violators
	-path slack_only
Design : cmem
Version: U-2022.12-SP5
Date   : Sun Nov 23 15:32:53 2025
****************************************




1
****************************************
Report : timing
	-path_type full
	-delay_type min_max
	-max_paths 1
	-sort_by slack
Design : cmem
Version: U-2022.12-SP5
Date   : Sun Nov 23 15:32:53 2025
****************************************


  Startpoint: mem_reg_0__0_
               (rising edge-triggered flip-flop clocked by clk2)
  Endpoint: mem_reg_0__0_
               (rising edge-triggered flip-flop clocked by clk2)
  Path Group: clk2
  Path Type: min

  Point                                    Incr       Path
  ---------------------------------------------------------------
  clock clk2 (rise edge)                 0.0000     0.0000
  clock network delay (ideal)            0.0000     0.0000
  mem_reg_0__0_/CK (DFFQX1TS)            0.0000     0.0000 r
  mem_reg_0__0_/Q (DFFQX1TS)             0.6512     0.6512 r
  U1931/Y (AO22XLTS)                     0.2497     0.9009 r
  mem_reg_0__0_/D (DFFQX1TS)             0.0000     0.9009 r
  data arrival time                                 0.9009

  clock clk2 (rise edge)                 0.0000     0.0000
  clock network delay (ideal)            0.0000     0.0000
  clock reconvergence pessimism          0.0000     0.0000
  clock uncertainty                      0.2500     0.2500
  mem_reg_0__0_/CK (DFFQX1TS)                       0.2500 r
  library hold time                     -0.0573     0.1927
  data required time                                0.1927
  ---------------------------------------------------------------
  data required time                                0.1927
  data arrival time                                -0.9009
  ---------------------------------------------------------------
  slack (MET)                                       0.7083



  Startpoint: raddr[0] (input port clocked by clk2)
  Endpoint: cout_reg_1_
               (rising edge-triggered flip-flop clocked by clk2)
  Path Group: clk2
  Path Type: max

  Point                                    Incr       Path
  ---------------------------------------------------------------
  clock clk2 (rise edge)                 0.0000     0.0000
  clock network delay (ideal)            0.0000     0.0000
  input external delay                   1.0000     1.0000 r
  raddr[0] (in)                          0.0183     1.0183 r
  U2403/Y (CLKBUFX2TS)                   0.1731     1.1915 r
  U2393/Y (NAND2BXLTS)                   0.7065     1.8979 r
  U2602/Y (NOR2X1TS)                     0.6565     2.5544 f
  U2638/Y (CLKBUFX2TS)                   0.6285     3.1829 f
  U3133/Y (AOI22X1TS)                    0.3861     3.5690 r
  U1230/Y (NAND4XLTS)                    0.2345     3.8035 f
  U3138/Y (NOR4XLTS)                     0.4589     4.2623 r
  U3139/Y (AOI22X1TS)                    0.2598     4.5221 f
  U1206/Y (AO22XLTS)                     0.4312     4.9534 f
  cout_reg_1_/D (DFFRX2TS)               0.0000     4.9534 f
  data arrival time                                 4.9534

  clock clk2 (rise edge)                10.0000    10.0000
  clock network delay (ideal)            0.0000    10.0000
  clock reconvergence pessimism          0.0000    10.0000
  clock uncertainty                     -0.2500     9.7500
  cout_reg_1_/CK (DFFRX2TS)                         9.7500 r
  library setup time                    -0.3636     9.3864
  data required time                                9.3864
  ---------------------------------------------------------------
  data required time                                9.3864
  data arrival time                                -4.9534
  ---------------------------------------------------------------
  slack (MET)                                       4.4330


1
****************************************
Report : Switching Activity
	
Design : cmem
Version: U-2022.12-SP5
Date   : Sun Nov 23 15:32:54 2025
****************************************

 Switching Activity Overview Statistics for "cmem"
----------------------------------------------------------------------------------------------------------------------------------------------------------------------------------------------
                  From Activity     From         From         From             From            From                                                            Not
Object Type       File (%)          SSA (%)      SSA Force (%) SSA Force (%)   SCA (%)         Clock (%)       Default (%)     Propagated(%)   Implied(%)      Annotated(%)  Total
                                                 Annotated    Implied                                                                                                        
----------------------------------------------------------------------------------------------------------------------------------------------------------------------------------------------
 Nets             48(1.57%)         0(0.00%)     0(0.00%)     0(0.00%)         0(0.00%)        0(0.00%)        0(0.00%)        0(0.00%)        0(0.00%)        3002(98.43%)  3050
----------------------------------------------------------------------------------------------------------------------------------------------------------------------------------------------
Nets Driven by
----------------------------------------------------------------------------------------------------------------------------------------------------------------------------------------------
Primary Input     32(100.00%)       0(0.00%)     0(0.00%)     0(0.00%)         0(0.00%)        0(0.00%)        0(0.00%)        0(0.00%)        0(0.00%)        0(0.00%)      32
Tri-State         0(0%)             0(0%)        0(0%)        0(0%)            0(0%)           0(0%)           0(0%)           0(0%)           0(0%)           0(0%)         0
Black Box         0(0%)             0(0%)        0(0%)        0(0%)            0(0%)           0(0%)           0(0%)           0(0%)           0(0%)           0(0%)         0
Sequential        16(1.54%)         0(0.00%)     0(0.00%)     0(0.00%)         0(0.00%)        0(0.00%)        0(0.00%)        0(0.00%)        0(0.00%)        1024(98.46%)  1040
Combinational     0(0.00%)          0(0.00%)     0(0.00%)     0(0.00%)         0(0.00%)        0(0.00%)        0(0.00%)        0(0.00%)        0(0.00%)        1978(100.00%) 1978
Memory            0(0%)             0(0%)        0(0%)        0(0%)            0(0%)           0(0%)           0(0%)           0(0%)           0(0%)           0(0%)         0
Clock Gate        0(0%)             0(0%)        0(0%)        0(0%)            0(0%)           0(0%)           0(0%)           0(0%)           0(0%)           0(0%)         0
----------------------------------------------------------------------------------------------------------------------------------------------------------------------------------------------
 Static Probability Overview Statistics for "cmem"
----------------------------------------------------------------------------------------------------------------------------------------------------------------------------------------------
                  From Activity     From         From         From             From            From                                                            Not
Object Type       File (%)          SSA (%)      SSA Force (%) SSA Force (%)   SCA (%)         Clock (%)       Default (%)     Propagated(%)   Implied(%)      Annotated(%)  Total
                                                 Annotated    Implied                                                                                                        
----------------------------------------------------------------------------------------------------------------------------------------------------------------------------------------------
 Nets             48(1.57%)         0(0.00%)     0(0.00%)     0(0.00%)         0(0.00%)        0(0.00%)        0(0.00%)        0(0.00%)        0(0.00%)        3002(98.43%)  3050
----------------------------------------------------------------------------------------------------------------------------------------------------------------------------------------------
Nets Driven by
----------------------------------------------------------------------------------------------------------------------------------------------------------------------------------------------
Primary Input     32(100.00%)       0(0.00%)     0(0.00%)     0(0.00%)         0(0.00%)        0(0.00%)        0(0.00%)        0(0.00%)        0(0.00%)        0(0.00%)      32
Tri-State         0(0%)             0(0%)        0(0%)        0(0%)            0(0%)           0(0%)           0(0%)           0(0%)           0(0%)           0(0%)         0
Black Box         0(0%)             0(0%)        0(0%)        0(0%)            0(0%)           0(0%)           0(0%)           0(0%)           0(0%)           0(0%)         0
Sequential        16(1.54%)         0(0.00%)     0(0.00%)     0(0.00%)         0(0.00%)        0(0.00%)        0(0.00%)        0(0.00%)        0(0.00%)        1024(98.46%)  1040
Combinational     0(0.00%)          0(0.00%)     0(0.00%)     0(0.00%)         0(0.00%)        0(0.00%)        0(0.00%)        0(0.00%)        0(0.00%)        1978(100.00%) 1978
Memory            0(0%)             0(0%)        0(0%)        0(0%)            0(0%)           0(0%)           0(0%)           0(0%)           0(0%)           0(0%)         0
Clock Gate        0(0%)             0(0%)        0(0%)        0(0%)            0(0%)           0(0%)           0(0%)           0(0%)           0(0%)           0(0%)         0
----------------------------------------------------------------------------------------------------------------------------------------------------------------------------------------------
1
****************************************
Report : Switching Activity
	-list_not_annotated
Design : cmem
Version: U-2022.12-SP5
Date   : Sun Nov 23 15:32:54 2025
****************************************

 Switching Activity Overview Statistics for "cmem"
----------------------------------------------------------------------------------------------------------------------------------------------------------------------------------------------
                  From Activity     From         From         From             From            From                                                            Not
Object Type       File (%)          SSA (%)      SSA Force (%) SSA Force (%)   SCA (%)         Clock (%)       Default (%)     Propagated(%)   Implied(%)      Annotated(%)  Total
                                                 Annotated    Implied                                                                                                        
----------------------------------------------------------------------------------------------------------------------------------------------------------------------------------------------
 Nets             48(1.57%)         0(0.00%)     0(0.00%)     0(0.00%)         0(0.00%)        0(0.00%)        0(0.00%)        0(0.00%)        0(0.00%)        3002(98.43%)  3050
----------------------------------------------------------------------------------------------------------------------------------------------------------------------------------------------
Nets Driven by
----------------------------------------------------------------------------------------------------------------------------------------------------------------------------------------------
Primary Input     32(100.00%)       0(0.00%)     0(0.00%)     0(0.00%)         0(0.00%)        0(0.00%)        0(0.00%)        0(0.00%)        0(0.00%)        0(0.00%)      32
Tri-State         0(0%)             0(0%)        0(0%)        0(0%)            0(0%)           0(0%)           0(0%)           0(0%)           0(0%)           0(0%)         0
Black Box         0(0%)             0(0%)        0(0%)        0(0%)            0(0%)           0(0%)           0(0%)           0(0%)           0(0%)           0(0%)         0
Sequential        16(1.54%)         0(0.00%)     0(0.00%)     0(0.00%)         0(0.00%)        0(0.00%)        0(0.00%)        0(0.00%)        0(0.00%)        1024(98.46%)  1040
Combinational     0(0.00%)          0(0.00%)     0(0.00%)     0(0.00%)         0(0.00%)        0(0.00%)        0(0.00%)        0(0.00%)        0(0.00%)        1978(100.00%) 1978
Memory            0(0%)             0(0%)        0(0%)        0(0%)            0(0%)           0(0%)           0(0%)           0(0%)           0(0%)           0(0%)         0
Clock Gate        0(0%)             0(0%)        0(0%)        0(0%)            0(0%)           0(0%)           0(0%)           0(0%)           0(0%)           0(0%)         0
----------------------------------------------------------------------------------------------------------------------------------------------------------------------------------------------
 Static Probability Overview Statistics for "cmem"
----------------------------------------------------------------------------------------------------------------------------------------------------------------------------------------------
                  From Activity     From         From         From             From            From                                                            Not
Object Type       File (%)          SSA (%)      SSA Force (%) SSA Force (%)   SCA (%)         Clock (%)       Default (%)     Propagated(%)   Implied(%)      Annotated(%)  Total
                                                 Annotated    Implied                                                                                                        
----------------------------------------------------------------------------------------------------------------------------------------------------------------------------------------------
 Nets             48(1.57%)         0(0.00%)     0(0.00%)     0(0.00%)         0(0.00%)        0(0.00%)        0(0.00%)        0(0.00%)        0(0.00%)        3002(98.43%)  3050
----------------------------------------------------------------------------------------------------------------------------------------------------------------------------------------------
Nets Driven by
----------------------------------------------------------------------------------------------------------------------------------------------------------------------------------------------
Primary Input     32(100.00%)       0(0.00%)     0(0.00%)     0(0.00%)         0(0.00%)        0(0.00%)        0(0.00%)        0(0.00%)        0(0.00%)        0(0.00%)      32
Tri-State         0(0%)             0(0%)        0(0%)        0(0%)            0(0%)           0(0%)           0(0%)           0(0%)           0(0%)           0(0%)         0
Black Box         0(0%)             0(0%)        0(0%)        0(0%)            0(0%)           0(0%)           0(0%)           0(0%)           0(0%)           0(0%)         0
Sequential        16(1.54%)         0(0.00%)     0(0.00%)     0(0.00%)         0(0.00%)        0(0.00%)        0(0.00%)        0(0.00%)        0(0.00%)        1024(98.46%)  1040
Combinational     0(0.00%)          0(0.00%)     0(0.00%)     0(0.00%)         0(0.00%)        0(0.00%)        0(0.00%)        0(0.00%)        0(0.00%)        1978(100.00%) 1978
Memory            0(0%)             0(0%)        0(0%)        0(0%)            0(0%)           0(0%)           0(0%)           0(0%)           0(0%)           0(0%)         0
Clock Gate        0(0%)             0(0%)        0(0%)        0(0%)            0(0%)           0(0%)           0(0%)           0(0%)           0(0%)           0(0%)         0
----------------------------------------------------------------------------------------------------------------------------------------------------------------------------------------------


List of nonannotated nets :
	n1867
	mem[502]
	n712
	n1869
	mem[501]
	n713
	n1877
	mem[500]
	n714
	n1878
	mem[499]
	n715
	n1886
	mem[498]
	n716
	n1887
	mem[497]
	n717
	n1889
	mem[496]
	n718
	n1900
	mem[495]
	n719
	n1901
	mem[494]
	n720
	n1909
	mem[493]
	n721
	n1910
	mem[492]
	n722
	n1912
	mem[491]
	n723
	n1920
	mem[490]
	n724
	n1921
	mem[489]
	n725
	n1929
	mem[488]
	n726
	n1930
	mem[487]
	n727
	n1932
	mem[486]
	n728
	n1943
	mem[485]
	n729
	n1944
	mem[484]
	n730
	n1952
	mem[483]
	n731
	n1953
	mem[482]
	n732
	n1955
	mem[481]
	n733
	n1963
	mem[480]
	n734
	n1964
	mem[479]
	n735
	n1972
	mem[478]
	n736
	n1973
	mem[477]
	n737
	n1975
	mem[476]
	n738
	n1986
	mem[475]
	n739
	n1987
	mem[474]
	n740
	n1995
	mem[473]
	n741
	n1996
	mem[472]
	n742
	n1998
	mem[471]
	n743
	n2006
	mem[470]
	n744
	n2007
	mem[469]
	n745
	n2015
	mem[468]
	n746
	n2016
	mem[467]
	n747
	n2018
	mem[466]
	n748
	n2029
	mem[465]
	n749
	n2030
	mem[464]
	n750
	n2038
	mem[463]
	n751
	n2039
	mem[462]
	n752
	n2041
	mem[461]
	n753
	n2049
	mem[460]
	n754
	n2050
	mem[459]
	n755
	n2058
	mem[458]
	n756
	n2059
	mem[457]
	n757
	n2061
	mem[456]
	n758
	n2072
	mem[455]
	n759
	n2073
	mem[454]
	n760
	n2081
	mem[453]
	n761
	n2082
	mem[452]
	n762
	n2084
	mem[451]
	n763
	n2090
	mem[450]
	n764
	n2091
	mem[449]
	n765
	n2092
	mem[448]
	n766
	n2093
	mem[447]
	n767
	n2096
	mem[446]
	n768
	n2097
	mem[445]
	n769
	n2098
	mem[444]
	n770
	n2099
	mem[443]
	n771
	n2100
	mem[442]
	n772
	n2101
	mem[441]
	n773
	n2102
	mem[440]
	n774
	n2103
	mem[439]
	n775
	n2109
	mem[438]
	n776
	n2110
	mem[437]
	n777
	n2111
	mem[436]
	n778
	n2112
	mem[435]
	n779
	n2113
	mem[434]
	n780
	n2117
	mem[433]
	n781
	n2118
	mem[432]
	n782
	n2120
	mem[431]
	n783
	n2121
	mem[430]
	n784
	n2123
	mem[429]
	n785
	n172
	mem[428]
	n786
	n173
	mem[427]
	n787
	n174
	mem[426]
	n788
	n175
	mem[425]
	n789
	n176
	mem[424]
	n790
	n177
	mem[423]
	n791
	n178
	mem[422]
	n792
	n179
	mem[421]
	n793
	n180
	mem[420]
	n794
	n181
	mem[419]
	n795
	n182
	mem[418]
	n796
	n183
	mem[417]
	n797
	n184
	mem[416]
	n798
	n185
	mem[415]
	n799
	n186
	mem[414]
	n800
	n187
	mem[413]
	n801
	n188
	mem[412]
	n802
	n189
	mem[411]
	n803
	n190
	mem[410]
	n804
	n191
	mem[409]
	n805
	n192
	n806
	mem[408]
	n193
	mem[407]
	n807
	n194
	mem[406]
	n808
	n195
	mem[405]
	n809
	n196
	n810
	mem[404]
	n197
	mem[403]
	n811
	n198
	mem[402]
	n812
	n199
	mem[401]
	n813
	n200
	n814
	mem[400]
	n201
	mem[399]
	n815
	n202
	mem[398]
	n816
	n203
	mem[397]
	n817
	n204
	mem[396]
	n818
	n205
	mem[395]
	n819
	n206
	mem[394]
	n820
	n207
	mem[393]
	n821
	n208
	mem[392]
	n822
	n209
	mem[391]
	n823
	n210
	mem[390]
	n824
	n211
	mem[389]
	n825
	n212
	mem[388]
	n826
	n213
	mem[387]
	n827
	n214
	mem[386]
	n828
	n215
	mem[385]
	n829
	n216
	mem[384]
	n830
	n217
	mem[383]
	n831
	n218
	mem[382]
	n832
	n219
	mem[381]
	n833
	n220
	mem[380]
	n834
	n221
	mem[379]
	n835
	n222
	mem[378]
	n836
	n223
	mem[377]
	n837
	n224
	mem[376]
	n838
	n225
	mem[375]
	n839
	n226
	mem[374]
	n840
	n227
	mem[373]
	n841
	n228
	mem[372]
	n842
	n229
	mem[371]
	n843
	n230
	mem[370]
	n844
	n231
	mem[369]
	n845
	n232
	mem[368]
	n846
	n233
	mem[367]
	n847
	n234
	mem[366]
	n848
	n235
	mem[365]
	n849
	n236
	mem[364]
	n850
	n237
	mem[363]
	n851
	n238
	mem[362]
	n852
	n239
	mem[361]
	n853
	n240
	mem[360]
	n854
	n241
	mem[359]
	n855
	n242
	mem[358]
	n856
	n243
	mem[357]
	n857
	n244
	mem[356]
	n858
	n245
	mem[355]
	n859
	n246
	mem[354]
	n860
	n247
	mem[353]
	n861
	n248
	mem[352]
	n862
	n249
	mem[351]
	n863
	n250
	mem[350]
	n864
	n251
	mem[349]
	n865
	n252
	mem[348]
	n866
	n253
	mem[347]
	n867
	n254
	mem[346]
	n868
	n255
	mem[345]
	n869
	n256
	n870
	mem[344]
	n257
	mem[343]
	n871
	n258
	mem[342]
	n872
	n259
	mem[341]
	n873
	n260
	n874
	mem[340]
	n261
	mem[339]
	n875
	n262
	mem[338]
	n876
	n263
	mem[337]
	n877
	n264
	mem[336]
	n878
	n265
	mem[335]
	n879
	n266
	mem[334]
	n880
	n267
	mem[333]
	n881
	n268
	n882
	mem[332]
	n269
	mem[331]
	n883
	n270
	mem[330]
	n884
	n271
	mem[329]
	n885
	n272
	n886
	mem[328]
	n273
	mem[327]
	n887
	n274
	mem[326]
	n888
	n275
	mem[325]
	n889
	n276
	n890
	mem[324]
	n277
	mem[323]
	n891
	n278
	mem[322]
	n892
	n279
	mem[321]
	n893
	n280
	n894
	mem[320]
	n281
	mem[319]
	n895
	n282
	mem[318]
	n896
	n283
	mem[317]
	n897
	n284
	mem[316]
	n898
	n285
	mem[315]
	n899
	n286
	mem[314]
	n900
	n287
	mem[313]
	n901
	n288
	n902
	mem[312]
	n289
	mem[311]
	n903
	n290
	mem[310]
	n904
	n291
	mem[309]
	n905
	n292
	mem[308]
	n906
	n293
	mem[307]
	n907
	n294
	mem[306]
	n908
	n295
	mem[305]
	n909
	n296
	mem[304]
	n910
	n297
	mem[303]
	n911
	n298
	mem[302]
	n912
	n299
	mem[301]
	n913
	n300
	mem[300]
	n914
	n301
	mem[299]
	n915
	n302
	mem[298]
	n916
	n303
	mem[297]
	n917
	n304
	mem[296]
	n918
	n305
	mem[295]
	n919
	n306
	mem[294]
	n920
	n307
	mem[293]
	n921
	n308
	mem[292]
	n922
	n309
	mem[291]
	n923
	n310
	mem[290]
	n924
	n311
	mem[289]
	n925
	n312
	mem[288]
	n926
	n313
	mem[287]
	n927
	n314
	mem[286]
	n928
	n315
	mem[285]
	n929
	n316
	mem[284]
	n930
	n317
	mem[283]
	n931
	n318
	mem[282]
	n932
	n319
	mem[281]
	n933
	n320
	mem[280]
	n934
	n321
	mem[279]
	n935
	n322
	mem[278]
	n936
	n323
	mem[277]
	n937
	n324
	mem[276]
	n938
	n325
	mem[275]
	n939
	n326
	mem[274]
	n940
	n327
	mem[273]
	n941
	n328
	mem[272]
	n942
	n329
	mem[271]
	n943
	n330
	mem[270]
	n944
	n331
	mem[269]
	n945
	n332
	mem[268]
	n946
	n333
	mem[267]
	n947
	n334
	mem[266]
	n948
	n335
	mem[265]
	n949
	n336
	mem[264]
	n950
	n337
	mem[263]
	n951
	n338
	mem[262]
	n952
	n339
	mem[261]
	n953
	n340
	mem[260]
	n954
	n341
	mem[259]
	n955
	n342
	mem[258]
	n956
	n343
	mem[257]
	n957
	n344
	mem[256]
	n958
	n345
	mem[255]
	n959
	n346
	mem[254]
	n960
	n347
	mem[253]
	n961
	n348
	mem[252]
	n962
	n349
	mem[251]
	n963
	n350
	mem[250]
	n964
	n351
	mem[249]
	n965
	n352
	mem[248]
	n966
	n353
	mem[247]
	n967
	n354
	mem[246]
	n968
	n355
	mem[245]
	n969
	n356
	mem[244]
	n970
	n357
	mem[243]
	n971
	n358
	mem[242]
	n972
	n359
	mem[241]
	n973
	n360
	mem[240]
	n974
	n361
	mem[239]
	n975
	n362
	mem[238]
	n976
	n363
	mem[237]
	n977
	n364
	mem[236]
	n978
	n365
	mem[235]
	n979
	n366
	mem[234]
	n980
	n367
	mem[233]
	n981
	n368
	mem[232]
	n982
	n369
	mem[231]
	n983
	n370
	mem[230]
	n984
	n371
	mem[229]
	n985
	n372
	mem[228]
	n986
	n373
	mem[227]
	n987
	n374
	mem[226]
	n988
	n375
	mem[225]
	n989
	n376
	mem[224]
	n990
	n377
	mem[223]
	n991
	n378
	mem[222]
	n992
	n379
	mem[221]
	n993
	n380
	mem[220]
	n994
	n381
	mem[219]
	n995
	n382
	mem[218]
	n996
	n383
	mem[217]
	n997
	n384
	mem[216]
	n998
	n385
	mem[215]
	n999
	n386
	mem[214]
	n1000
	n387
	mem[213]
	n1001
	n388
	n1002
	mem[212]
	n389
	mem[211]
	n1003
	n390
	mem[210]
	n1004
	n391
	mem[209]
	n1005
	n392
	mem[208]
	n1006
	n393
	mem[207]
	n1007
	n394
	mem[206]
	n1008
	n395
	mem[205]
	n1009
	n396
	n1010
	mem[204]
	n397
	mem[203]
	n1011
	n398
	mem[202]
	n1012
	n399
	mem[201]
	n1013
	n400
	n1014
	mem[200]
	n401
	mem[199]
	n1015
	n402
	mem[198]
	n1016
	n403
	mem[197]
	n1017
	n404
	n1018
	mem[196]
	n405
	mem[195]
	n1019
	n406
	mem[194]
	n1020
	n407
	mem[193]
	n1021
	n408
	n1022
	mem[192]
	n409
	mem[191]
	n1023
	n410
	mem[190]
	n1024
	n411
	mem[189]
	n1025
	n412
	n1026
	mem[188]
	n413
	mem[187]
	n1027
	n414
	mem[186]
	n1028
	n415
	mem[185]
	n1029
	n416
	n1030
	mem[184]
	n417
	mem[183]
	n1031
	n418
	mem[182]
	n1032
	n419
	mem[181]
	n1033
	n420
	n1034
	mem[180]
	n421
	mem[179]
	n1035
	n422
	mem[178]
	n1036
	n423
	mem[177]
	n1037
	n424
	n1038
	mem[176]
	n425
	mem[175]
	n1039
	n426
	mem[174]
	n1040
	n427
	mem[173]
	n1041
	n428
	n1042
	mem[172]
	n429
	mem[171]
	n1043
	n430
	mem[170]
	n1044
	n431
	mem[169]
	n1045
	n432
	n1046
	mem[168]
	n433
	mem[167]
	n1047
	n434
	mem[166]
	n1048
	n435
	mem[165]
	n1049
	n436
	n1050
	mem[164]
	n437
	mem[163]
	n1051
	n438
	mem[162]
	n1052
	n439
	mem[161]
	n1053
	n440
	n1054
	mem[160]
	n441
	mem[159]
	n1055
	n442
	mem[158]
	n1056
	n443
	mem[157]
	n1057
	n444
	mem[156]
	n1058
	n445
	mem[155]
	n1059
	n446
	mem[154]
	n1060
	n447
	mem[153]
	n1061
	n448
	mem[152]
	n1062
	n449
	mem[151]
	n1063
	n450
	mem[150]
	n1064
	n451
	mem[149]
	n1065
	n452
	n1066
	mem[148]
	n453
	mem[147]
	n1067
	n454
	mem[146]
	n1068
	n455
	mem[145]
	n1069
	n456
	n1070
	mem[144]
	n457
	mem[143]
	n1071
	n458
	mem[142]
	n1072
	n459
	mem[141]
	n1073
	n460
	n1074
	mem[140]
	n461
	mem[139]
	n1075
	n462
	mem[138]
	n1076
	n463
	mem[137]
	n1077
	n464
	n1078
	mem[136]
	n465
	mem[135]
	n1079
	n466
	mem[134]
	n1080
	n467
	mem[133]
	n1081
	n468
	n1082
	mem[132]
	n469
	mem[131]
	n1083
	n470
	mem[130]
	n1084
	n471
	mem[129]
	n1085
	n472
	n1086
	mem[128]
	n473
	mem[127]
	n1087
	n474
	mem[126]
	n1088
	n475
	mem[125]
	n1089
	n476
	n1090
	mem[124]
	n477
	mem[123]
	n1091
	n478
	mem[122]
	n1092
	n479
	mem[121]
	n1093
	n480
	n1094
	mem[120]
	n481
	mem[119]
	n1095
	n482
	mem[118]
	n1096
	n483
	mem[117]
	n1097
	n484
	n1098
	mem[116]
	n485
	mem[115]
	n1099
	n486
	mem[114]
	n1100
	n487
	mem[113]
	n1101
	n488
	mem[112]
	n1102
	n489
	mem[111]
	n1103
	n490
	mem[110]
	n1104
	n491
	mem[109]
	n1105
	n492
	mem[108]
	n1106
	n493
	mem[107]
	n1107
	n494
	mem[106]
	n1108
	n495
	mem[105]
	n1109
	n496
	mem[104]
	n1110
	n497
	mem[103]
	mem[1023]
	n1111
	n498
	mem[102]
	mem[1022]
	n1112
	n499
	mem[101]
	mem[1021]
	n1113
	n500
	mem[100]
	n1114
	mem[1020]
	n501
	mem[99]
	mem[1019]
	n1115
	n502
	mem[98]
	mem[1018]
	n1116
	n503
	mem[97]
	mem[1017]
	n1117
	n504
	mem[96]
	n1118
	mem[1016]
	n505
	mem[95]
	mem[1015]
	n1119
	n506
	mem[94]
	mem[1014]
	n1120
	n507
	mem[93]
	mem[1013]
	n1121
	n508
	mem[92]
	n1122
	mem[1012]
	n509
	mem[91]
	mem[1011]
	n1123
	n510
	mem[90]
	mem[1010]
	n1124
	n511
	mem[89]
	mem[1009]
	n1125
	n512
	mem[88]
	n1126
	mem[1008]
	n513
	mem[87]
	mem[1007]
	n1127
	n514
	mem[86]
	mem[1006]
	n1128
	n515
	mem[85]
	mem[1005]
	n1129
	n516
	mem[84]
	n1130
	mem[1004]
	n517
	mem[83]
	mem[1003]
	n1131
	n518
	mem[82]
	mem[1002]
	n1132
	n519
	mem[81]
	mem[1001]
	n1133
	n520
	mem[80]
	n1134
	mem[1000]
	n521
	mem[79]
	mem[999]
	n1135
	n522
	mem[78]
	mem[998]
	n1136
	n523
	mem[77]
	mem[997]
	n1137
	n524
	mem[76]
	n1138
	mem[996]
	n525
	mem[75]
	mem[995]
	n1139
	n526
	mem[74]
	mem[994]
	n1140
	n527
	mem[73]
	mem[993]
	n1141
	n528
	mem[72]
	n1142
	mem[992]
	n529
	mem[71]
	mem[991]
	n1143
	n530
	mem[70]
	mem[990]
	n1144
	n531
	mem[69]
	mem[989]
	n1145
	n532
	mem[68]
	n1146
	mem[988]
	n533
	mem[67]
	mem[987]
	n1147
	n534
	mem[66]
	mem[986]
	n1148
	n535
	mem[65]
	mem[985]
	n1149
	n536
	mem[64]
	n1150
	mem[984]
	n537
	mem[63]
	mem[983]
	n1151
	n538
	mem[62]
	mem[982]
	n1152
	n539
	mem[61]
	mem[981]
	n1153
	n540
	mem[60]
	n1154
	mem[980]
	n541
	mem[59]
	mem[979]
	n1155
	n542
	mem[58]
	mem[978]
	n1156
	n543
	mem[57]
	mem[977]
	n1157
	n544
	mem[56]
	n1158
	mem[976]
	n545
	mem[55]
	mem[975]
	n1159
	n546
	mem[54]
	mem[974]
	n1160
	n547
	mem[53]
	mem[973]
	n1161
	n548
	mem[52]
	n1162
	mem[972]
	n549
	mem[51]
	mem[971]
	n1163
	n550
	mem[50]
	mem[970]
	n1164
	n551
	mem[49]
	mem[969]
	n1165
	n552
	mem[48]
	n1166
	mem[968]
	n553
	mem[47]
	mem[967]
	n1167
	n554
	mem[46]
	mem[966]
	n1168
	n555
	mem[45]
	mem[965]
	n1169
	n556
	mem[44]
	n1170
	mem[964]
	n557
	mem[43]
	mem[963]
	n1171
	n558
	mem[42]
	mem[962]
	n1172
	n559
	mem[41]
	mem[961]
	n1173
	n560
	mem[40]
	n1174
	mem[960]
	n561
	mem[39]
	mem[959]
	n1175
	n562
	mem[38]
	mem[958]
	n1176
	n563
	mem[37]
	mem[957]
	n1177
	n564
	mem[36]
	n1178
	mem[956]
	n565
	mem[35]
	mem[955]
	n1179
	n566
	mem[34]
	mem[954]
	n1180
	n567
	mem[33]
	mem[953]
	n1181
	n568
	mem[32]
	n1182
	mem[952]
	n569
	mem[31]
	mem[951]
	n1183
	n570
	mem[30]
	mem[950]
	n1184
	n571
	mem[29]
	mem[949]
	n1185
	n572
	mem[28]
	n1186
	mem[948]
	n573
	mem[27]
	mem[947]
	n1187
	n574
	mem[26]
	mem[946]
	n1188
	n575
	mem[25]
	mem[945]
	n1189
	n576
	mem[24]
	n1190
	mem[944]
	n577
	mem[23]
	mem[943]
	n1191
	n578
	mem[22]
	mem[942]
	n1192
	n579
	mem[21]
	mem[941]
	n1193
	n580
	mem[20]
	n1194
	mem[940]
	n581
	mem[19]
	mem[939]
	n1195
	n582
	mem[18]
	mem[938]
	n1429
	n583
	mem[17]
	mem[937]
	n1430
	n584
	mem[16]
	n1431
	mem[936]
	n585
	mem[15]
	mem[935]
	n1432
	n586
	mem[14]
	mem[934]
	n1434
	n587
	mem[13]
	mem[933]
	n1472
	n588
	mem[12]
	n1473
	mem[932]
	n589
	mem[11]
	mem[931]
	n1474
	n590
	mem[10]
	mem[930]
	n1475
	n591
	mem[9]
	mem[929]
	n1477
	n592
	n1515
	mem[8]
	mem[928]
	n593
	mem[7]
	mem[927]
	n1516
	n594
	mem[6]
	mem[926]
	n1517
	n595
	mem[5]
	mem[925]
	n1518
	n596
	mem[4]
	n1520
	mem[924]
	n597
	mem[3]
	mem[923]
	n1538
	n598
	mem[2]
	mem[922]
	n1539
	n599
	mem[1]
	mem[921]
	n1540
	n600
	mem[0]
	n1541
	mem[920]
	n601
	n1198
	n1558
	mem[919]
	n602
	n1199
	n1559
	mem[918]
	n603
	n1200
	n1560
	mem[917]
	n604
	n1561
	n1201
	n605
	mem[916]
	n1202
	n1581
	mem[915]
	n606
	n1203
	n1582
	mem[914]
	n607
	n1204
	n1583
	mem[913]
	n608
	n1584
	n1205
	n609
	mem[912]
	n1206
	mem[911]
	n1605
	n610
	n1207
	mem[910]
	n1624
	n611
	n1208
	mem[909]
	n1625
	n612
	n1359
	n1626
	n613
	mem[908]
	n1360
	mem[907]
	n1627
	n614
	n1361
	mem[906]
	n1648
	n615
	n1362
	mem[905]
	n1667
	n616
	n1363
	n1668
	n617
	mem[904]
	n1364
	mem[903]
	n1669
	n618
	n1365
	mem[902]
	n1670
	n619
	n1366
	mem[901]
	n1691
	n620
	n1367
	n1710
	n621
	mem[900]
	n1368
	mem[899]
	n1711
	n622
	n1369
	mem[898]
	n1712
	n623
	n1370
	mem[897]
	n1713
	n624
	n1371
	n1734
	n625
	mem[896]
	n1372
	mem[895]
	n1753
	n626
	n1373
	mem[894]
	n1754
	n627
	n1375
	mem[893]
	n1755
	n628
	n2132
	n1756
	n629
	mem[892]
	n2135
	mem[891]
	n1777
	n630
	n1209
	mem[890]
	n1796
	n631
	n1216
	mem[889]
	n1797
	n632
	n1221
	n1798
	n633
	mem[888]
	n1224
	mem[887]
	n1799
	n634
	n1299
	n1852
	mem[886]
	n635
	n1317
	n1871
	mem[885]
	n636
	n1335
	n1872
	n637
	mem[884]
	n1358
	n1873
	mem[883]
	n638
	n1377
	n1874
	mem[882]
	n639
	n1378
	n1891
	mem[881]
	n640
	n1892
	n1379
	n641
	mem[880]
	n1380
	n1893
	mem[879]
	n642
	n1381
	n1894
	mem[878]
	n643
	n1386
	n1914
	mem[877]
	n644
	n1391
	n1915
	n645
	mem[876]
	n1396
	n1916
	mem[875]
	n646
	n1403
	n1917
	mem[874]
	n647
	n2129
	n1934
	mem[873]
	n648
	n2133
	n1935
	n649
	mem[872]
	n1264
	n1936
	mem[871]
	n650
	n1296
	n1937
	mem[870]
	n651
	n1314
	mem[869]
	n1957
	n652
	n1332
	n1958
	n653
	mem[868]
	n1336
	mem[867]
	n1959
	n654
	n1339
	mem[866]
	n1960
	n655
	n1342
	mem[865]
	n1977
	n656
	n1345
	n1978
	n657
	mem[864]
	n1348
	n1979
	mem[863]
	n658
	n1351
	n1980
	mem[862]
	n659
	n1354
	n2000
	mem[861]
	n660
	n2001
	n1357
	n661
	mem[860]
	n1397
	n2002
	mem[859]
	n662
	n1398
	n2003
	mem[858]
	n663
	n1399
	n2020
	mem[857]
	n664
	n2021
	n1400
	n665
	mem[856]
	n1401
	n2022
	mem[855]
	n666
	n1402
	mem[854]
	n2023
	n667
	n1404
	mem[853]
	n2043
	n668
	n1801
	n2044
	n669
	mem[852]
	n1813
	mem[851]
	n2045
	n670
	n1825
	mem[850]
	n2046
	n671
	n1837
	mem[849]
	n2063
	n672
	n1227
	n2064
	mem[848]
	n673
	n1244
	mem[847]
	n2065
	n674
	n1261
	mem[846]
	n2066
	n675
	n1279
	mem[845]
	n2086
	n676
	n1283
	n2087
	n677
	mem[844]
	n1285
	mem[843]
	n2088
	n678
	n1287
	mem[842]
	n2089
	n679
	n1289
	n2125
	mem[841]
	n680
	n2126
	n1291
	n681
	mem[840]
	n1293
	n2127
	mem[839]
	n682
	n1295
	n2128
	mem[838]
	n683
	n1298
	mem[837]
	n1433
	n1210
	n1301
	n1476
	mem[836]
	n1212
	n1303
	n1519
	mem[835]
	n1214
	n1305
	n1562
	mem[834]
	n1217
	n1307
	n1563
	mem[833]
	n1219
	n1309
	n1606
	mem[832]
	n1222
	n1311
	mem[831]
	n1649
	n1225
	n1313
	mem[830]
	n1692
	n1228
	n1316
	mem[829]
	n1735
	n1230
	n1319
	n1778
	mem[828]
	n1232
	n1321
	n1853
	mem[827]
	n1234
	n1323
	n1895
	mem[826]
	n1236
	n1325
	n1896
	mem[825]
	n1238
	n1327
	n1938
	mem[824]
	n1240
	n1329
	mem[823]
	n1939
	n1242
	n1331
	mem[822]
	n1981
	n1245
	n1334
	mem[821]
	n1982
	n1247
	n1338
	n2024
	mem[820]
	n1249
	n1341
	mem[819]
	n2025
	n1251
	n1344
	mem[818]
	n2067
	n1253
	n1347
	mem[817]
	n2068
	n1255
	n2130
	n1350
	mem[816]
	n1257
	n1353
	n2131
	mem[815]
	n1259
	n1356
	mem[814]
	n1435
	n1262
	n1376
	mem[813]
	n1478
	n1265
	n1800
	n1521
	mem[812]
	n1267
	n1802
	n1564
	mem[811]
	n1269
	n1803
	mem[810]
	n1607
	n1271
	n1804
	mem[809]
	n1650
	n1273
	n1805
	n1693
	mem[808]
	n1275
	n1806
	mem[807]
	n1736
	n1277
	n1807
	mem[806]
	n1779
	n1280
	n1812
	n1854
	mem[805]
	n1409
	n1897
	n1814
	mem[804]
	n1410
	n1815
	mem[803]
	n1940
	n1411
	n1816
	mem[802]
	n1983
	n1412
	n1817
	mem[801]
	n2026
	n1413
	n1818
	n2069
	mem[800]
	n1414
	n1819
	n2134
	mem[799]
	n1417
	n1824
	mem[798]
	n156
	n1418
	n1826
	mem[797]
	n157
	n1419
	n1827
	n158
	mem[796]
	n1420
	n1828
	mem[795]
	n159
	n1421
	n1829
	mem[794]
	n160
	n1422
	n1830
	mem[793]
	n161
	n1423
	n1831
	n162
	mem[792]
	n1426
	n1836
	mem[791]
	n163
	n1428
	n1838
	mem[790]
	n164
	n1452
	n1839
	mem[789]
	n165
	n1453
	n1840
	n166
	mem[788]
	n1454
	n1841
	mem[787]
	n167
	n1455
	n1842
	mem[786]
	n168
	n1456
	n1843
	mem[785]
	n169
	n1457
	n2108
	n170
	mem[784]
	n1460
	n2119
	mem[783]
	n171
	n1461
	n1211
	mem[782]
	n1462
	n1213
	mem[781]
	n1463
	n1215
	mem[780]
	n1464
	n1218
	mem[779]
	n1465
	n1220
	mem[778]
	n1466
	n1223
	mem[777]
	n1469
	n1226
	mem[776]
	n1471
	n1229
	mem[775]
	n1495
	n1231
	mem[774]
	n1496
	n1233
	mem[773]
	n1497
	n1235
	mem[772]
	n1498
	n1237
	mem[771]
	n1499
	n1239
	mem[770]
	n1500
	n1241
	mem[769]
	n1504
	n1243
	mem[768]
	n1505
	n1246
	mem[767]
	n1507
	n1248
	mem[766]
	n1508
	n1250
	mem[765]
	n1512
	n1252
	mem[764]
	n1522
	n1254
	mem[763]
	n1523
	n1256
	mem[762]
	n1526
	n1258
	mem[761]
	n1527
	n1260
	mem[760]
	n1528
	n1263
	mem[759]
	n1529
	n1266
	mem[758]
	n1530
	n1268
	mem[757]
	n1531
	n1270
	n1532
	mem[756]
	n1272
	mem[755]
	n1537
	n1274
	mem[754]
	n1542
	n1276
	mem[753]
	n1543
	n1278
	n1546
	mem[752]
	n1281
	mem[751]
	n1547
	n1282
	mem[750]
	n1548
	n1284
	mem[749]
	n1549
	n1286
	n1550
	mem[748]
	n1288
	mem[747]
	n1551
	n1290
	mem[746]
	n1552
	n1292
	mem[745]
	n1555
	n1294
	n1557
	mem[744]
	n1297
	mem[743]
	n1565
	n1300
	mem[742]
	n1566
	n1302
	mem[741]
	n1569
	n1304
	n1570
	mem[740]
	n1306
	mem[739]
	n1571
	n1308
	mem[738]
	n1572
	n1310
	mem[737]
	n1573
	n1312
	mem[736]
	n1574
	n1315
	mem[735]
	n1575
	n1318
	mem[734]
	n1580
	n1320
	mem[733]
	n1601
	n1322
	mem[732]
	n1602
	n1324
	mem[731]
	n1603
	n1326
	mem[730]
	n1604
	n1328
	mem[729]
	n1608
	n1330
	mem[728]
	n1609
	n1333
	mem[727]
	n1613
	n1337
	mem[726]
	n1616
	n1340
	mem[725]
	n1617
	n1343
	mem[724]
	n1621
	n1346
	mem[723]
	n1644
	n1349
	mem[722]
	n1645
	n1352
	mem[721]
	n1646
	n1355
	mem[720]
	n1647
	n1374
	mem[719]
	n1651
	n1382
	mem[718]
	n1652
	n1383
	mem[717]
	n1656
	n1384
	mem[716]
	n1657
	n1385
	mem[715]
	n1659
	n1387
	mem[714]
	n1660
	n1388
	mem[713]
	n1661
	n1389
	mem[712]
	n1664
	n1390
	mem[711]
	n1687
	n1392
	mem[710]
	n1688
	n1393
	mem[709]
	n1689
	n1394
	mem[708]
	n1690
	n1395
	mem[707]
	n1694
	n1405
	mem[706]
	n1695
	n1406
	mem[705]
	n1698
	n1407
	mem[704]
	n1699
	n1408
	mem[703]
	n1700
	n1415
	mem[702]
	n1701
	n1416
	mem[701]
	n1702
	n1424
	mem[700]
	n1703
	n1425
	mem[699]
	n1704
	n1427
	mem[698]
	n1707
	n1436
	mem[697]
	n1709
	n1437
	mem[696]
	n1730
	n1438
	mem[695]
	n1731
	n1439
	mem[694]
	n1732
	n1440
	mem[693]
	n1733
	n1441
	mem[692]
	n1737
	n1442
	mem[691]
	n1738
	n1443
	mem[690]
	n1741
	n1444
	mem[689]
	n1742
	n1445
	mem[688]
	n1743
	n1446
	mem[687]
	n1744
	n1447
	mem[686]
	n1745
	n1448
	mem[685]
	n1746
	n1449
	mem[684]
	n1747
	n1450
	mem[683]
	n1750
	n1451
	mem[682]
	n1752
	n1458
	mem[681]
	n1773
	n1459
	mem[680]
	n1774
	n1467
	mem[679]
	n1775
	n1468
	mem[678]
	n1776
	n1470
	mem[677]
	n1780
	n1479
	mem[676]
	n1781
	n1480
	mem[675]
	n1784
	n1481
	mem[674]
	n1785
	n1482
	mem[673]
	n1786
	n1483
	mem[672]
	n1787
	n1484
	mem[671]
	n1788
	n1485
	mem[670]
	n1789
	n1486
	mem[669]
	n1790
	n1487
	mem[668]
	n1793
	n1488
	mem[667]
	n1795
	n1489
	mem[666]
	n1848
	n1490
	mem[665]
	n1849
	n1491
	n1850
	mem[664]
	n1492
	mem[663]
	n1851
	n1493
	mem[662]
	n1855
	n1494
	mem[661]
	n1856
	n1501
	n1859
	mem[660]
	n1502
	mem[659]
	n1860
	n1503
	mem[658]
	n1861
	n1506
	mem[657]
	n1862
	n1509
	n1863
	mem[656]
	n1510
	mem[655]
	n1864
	n1511
	mem[654]
	n1865
	n1513
	mem[653]
	n1868
	n1514
	n1870
	mem[652]
	n1524
	mem[651]
	n1875
	n1525
	mem[650]
	n1876
	n1533
	mem[649]
	n1879
	n1534
	n1880
	mem[648]
	n1535
	mem[647]
	n1881
	n1536
	mem[646]
	n1882
	n1544
	mem[645]
	n1883
	n1545
	n1884
	mem[644]
	n1553
	mem[643]
	n1885
	n1554
	mem[642]
	n1888
	n1556
	mem[641]
	n1890
	n1567
	n1898
	mem[640]
	n1568
	mem[639]
	n1899
	n1576
	mem[638]
	n1902
	n1577
	mem[637]
	n1903
	n1578
	mem[636]
	n1904
	n1579
	mem[635]
	n1905
	n1585
	mem[634]
	n1906
	n1586
	mem[633]
	n1907
	n1587
	mem[632]
	n1908
	n1588
	mem[631]
	n1911
	n1589
	mem[630]
	n1913
	n1590
	mem[629]
	n1918
	n1591
	mem[628]
	n1919
	n1592
	mem[627]
	n1922
	n1593
	mem[626]
	n1923
	n1594
	mem[625]
	n1924
	n1595
	mem[624]
	n1925
	n1596
	mem[623]
	n1926
	n1597
	mem[622]
	n1927
	n1598
	mem[621]
	n1928
	n1599
	mem[620]
	n1931
	n1600
	mem[619]
	n1933
	n1610
	mem[618]
	n1941
	n1611
	mem[617]
	n1942
	n1612
	mem[616]
	n1945
	n1614
	mem[615]
	n1946
	n1615
	mem[614]
	n1947
	n1618
	mem[613]
	n1948
	n1619
	mem[612]
	n1949
	n1620
	mem[611]
	n1950
	n1622
	mem[610]
	n1951
	n1623
	mem[609]
	n1954
	n1628
	mem[608]
	n1956
	n1629
	mem[607]
	n1961
	n1630
	mem[606]
	n1962
	n1631
	mem[605]
	n1965
	n1632
	mem[604]
	n1966
	n1633
	mem[603]
	n1967
	n1634
	mem[602]
	n1968
	n1635
	mem[601]
	n1969
	n1636
	mem[600]
	n1970
	n1637
	mem[599]
	n1971
	n1638
	mem[598]
	n1974
	n1639
	mem[597]
	n1976
	n1640
	mem[596]
	n1984
	n1641
	mem[595]
	n1985
	n1642
	mem[594]
	n1988
	n1643
	mem[593]
	n1989
	n1653
	mem[592]
	n1990
	n1654
	mem[591]
	n1991
	n1655
	mem[590]
	n1992
	n1658
	mem[589]
	n1993
	n1662
	mem[588]
	n1994
	n1663
	mem[587]
	n1997
	n1665
	mem[586]
	n1999
	n1666
	mem[585]
	n2004
	n1671
	mem[584]
	n2005
	n1672
	mem[583]
	n2008
	n1673
	mem[582]
	n2009
	n1674
	mem[581]
	n2010
	n1675
	mem[580]
	n2011
	n1676
	mem[579]
	n2012
	n1677
	mem[578]
	n2013
	n1678
	mem[577]
	n2014
	n1679
	mem[576]
	n2017
	n1680
	mem[575]
	n2019
	n1681
	mem[574]
	n2027
	n1682
	mem[573]
	n2028
	n1683
	mem[572]
	n2031
	n1684
	mem[571]
	n2032
	n1685
	mem[570]
	n2033
	n1686
	mem[569]
	n2034
	n1696
	mem[568]
	n2035
	n1697
	mem[567]
	n2036
	n1705
	mem[566]
	n2037
	n1706
	mem[565]
	n2040
	n1708
	mem[564]
	n2042
	n1714
	mem[563]
	n2047
	n1715
	mem[562]
	n2048
	n1716
	mem[561]
	n2051
	n1717
	mem[560]
	n2052
	n1718
	mem[559]
	n2053
	n1719
	mem[558]
	n2054
	n1720
	mem[557]
	n2055
	n1721
	mem[556]
	n2056
	n1722
	mem[555]
	n2057
	n1723
	mem[554]
	n2060
	n1724
	mem[553]
	n2062
	n1725
	mem[552]
	n2070
	n1726
	mem[551]
	n2071
	n1727
	mem[550]
	n2074
	n1728
	mem[549]
	n2075
	n1729
	mem[548]
	n2076
	n1739
	mem[547]
	n2077
	n1740
	mem[546]
	n2078
	n1748
	mem[545]
	n2079
	n1749
	mem[544]
	n2080
	n1751
	mem[543]
	n2083
	n1757
	mem[542]
	n2085
	n1758
	mem[541]
	n2094
	n1759
	mem[540]
	n2095
	n1760
	mem[539]
	n2104
	n1761
	mem[538]
	n2105
	n1762
	mem[537]
	n2106
	n1763
	n2107
	mem[536]
	n1764
	mem[535]
	n2114
	n1765
	mem[534]
	n2115
	n1766
	mem[533]
	n2116
	n1767
	n2122
	mem[532]
	n1768
	mem[531]
	n2124
	n1769
	mem[530]
	n684
	n1770
	mem[529]
	n685
	n1771
	n686
	mem[528]
	n1772
	mem[527]
	n687
	n1782
	mem[526]
	n688
	n1783
	mem[525]
	n689
	n1791
	n690
	mem[524]
	n1792
	mem[523]
	n691
	n1794
	mem[522]
	n692
	n1808
	mem[521]
	n693
	n1809
	n694
	mem[520]
	n1810
	mem[519]
	n695
	n1811
	mem[518]
	n696
	n1820
	mem[517]
	n697
	n1821
	n698
	mem[516]
	n1822
	mem[515]
	n699
	n1823
	mem[514]
	n700
	n1832
	mem[513]
	n701
	n1833
	mem[512]
	n702
	n1834
	mem[511]
	n703
	n1835
	mem[510]
	n704
	n1844
	mem[509]
	n705
	n1845
	mem[508]
	n706
	n1846
	mem[507]
	n707
	n1847
	mem[506]
	n708
	n1857
	mem[505]
	n709
	n1858
	mem[504]
	n710
	n1866
	mem[503]
	n711

3002 nets with no annotation
1
****************************************
Report : Time Based Power
Design : cmem
Version: U-2022.12-SP5
Date   : Sun Nov 23 15:32:54 2025
****************************************



  Attributes
  ----------
      i  -  Including register clock pin internal power
      u  -  User defined power group

                        Internal  Switching  Leakage    Total
Power Group             Power     Power      Power      Power   (     %)  Attrs
--------------------------------------------------------------------------------
clock_network           1.538e-03    0.0000    0.0000 1.538e-03 (99.40%)  i
register                6.104e-06 3.063e-06 3.410e-08 9.201e-06 ( 0.59%)  
combinational              0.0000    0.0000 1.381e-08 1.381e-08 ( 0.00%)  
sequential                 0.0000    0.0000    0.0000    0.0000 ( 0.00%)  
memory                     0.0000    0.0000    0.0000    0.0000 ( 0.00%)  
io_pad                     0.0000    0.0000    0.0000    0.0000 ( 0.00%)  
black_box                  0.0000    0.0000    0.0000    0.0000 ( 0.00%)  

  Net Switching Power  = 3.063e-06   ( 0.20%)
  Cell Internal Power  = 1.544e-03   (99.80%)
  Cell Leakage Power   = 4.791e-08   ( 0.00%)
                         ---------
Total Power            = 1.547e-03  (100.00%)

X Transition Power     =    0.0000
Glitching Power        =    0.0000

Peak Power             =    0.0646
Peak Time              =   870.000

1
****************************************
Report : Time Based Power
	-hierarchy
Design : cmem
Version: U-2022.12-SP5
Date   : Sun Nov 23 15:32:54 2025
****************************************



                                      Int      Switch   Leak     Total
Hierarchy                             Power    Power    Power    Power    %
----------------------------------------------------------------------------------
cmem                                  1.54e-03 3.06e-06 4.79e-08 1.55e-03 100.0


                                      Peak     Peak            Glitch   X-tran
Hierarchy                             Power    Time            Power    Power
--------------------------------------------------------------------------------
cmem                                  6.46e-02 870.000-870.001    0.000    0.000
1
